mode: set
qmanager/internal/atengine/engine.go:56.45,70.2 4 1
qmanager/internal/atengine/engine.go:73.46,77.2 3 1
qmanager/internal/atengine/engine.go:80.45,84.2 3 1
qmanager/internal/atengine/engine.go:87.32,89.9 2 1
qmanager/internal/atengine/engine.go:90.20,93.13 2 1
qmanager/internal/atengine/engine.go:94.10,95.20 1 1
qmanager/internal/atengine/engine.go:97.2,100.24 3 1
qmanager/internal/atengine/engine.go:100.24,102.3 1 1
qmanager/internal/atengine/engine.go:103.2,103.12 1 0
qmanager/internal/atengine/engine.go:107.31,110.6 2 1
qmanager/internal/atengine/engine.go:110.6,112.10 1 1
qmanager/internal/atengine/engine.go:113.21,114.10 1 1
qmanager/internal/atengine/engine.go:115.28,117.12 2 1
qmanager/internal/atengine/engine.go:118.11,118.11 0 1
qmanager/internal/atengine/engine.go:122.3,122.10 1 1
qmanager/internal/atengine/engine.go:123.21,124.10 1 0
qmanager/internal/atengine/engine.go:125.28,127.12 2 0
qmanager/internal/atengine/engine.go:128.28,130.12 2 1
qmanager/internal/atengine/engine.go:131.11,131.11 0 1
qmanager/internal/atengine/engine.go:135.3,135.10 1 1
qmanager/internal/atengine/engine.go:136.21,137.10 1 1
qmanager/internal/atengine/engine.go:138.28,139.25 1 1
qmanager/internal/atengine/engine.go:140.28,141.25 1 1
qmanager/internal/atengine/engine.go:142.27,143.25 1 1
qmanager/internal/atengine/engine.go:148.53,150.38 1 1
qmanager/internal/atengine/engine.go:150.38,151.10 1 1
qmanager/internal/atengine/engine.go:152.50,152.50 0 1
qmanager/internal/atengine/engine.go:153.11,153.11 0 0
qmanager/internal/atengine/engine.go:155.3,155.9 1 1
qmanager/internal/atengine/engine.go:158.2,159.9 2 1
qmanager/internal/atengine/engine.go:160.59,160.59 0 1
qmanager/internal/atengine/engine.go:161.10,161.10 0 0
qmanager/internal/atengine/engine.go:166.102,168.16 2 1
qmanager/internal/atengine/engine.go:168.16,170.3 1 0
qmanager/internal/atengine/engine.go:171.2,171.21 1 1
qmanager/internal/atengine/engine.go:175.75,177.2 1 1
qmanager/internal/atengine/engine.go:180.79,182.2 1 1
qmanager/internal/atengine/engine.go:185.78,187.2 1 1
qmanager/internal/atengine/engine.go:190.107,196.74 5 1
qmanager/internal/atengine/engine.go:196.74,199.3 2 1
qmanager/internal/atengine/engine.go:201.2,209.14 2 1
qmanager/internal/atengine/engine.go:210.20,211.10 1 1
qmanager/internal/atengine/engine.go:212.21,213.43 1 0
qmanager/internal/atengine/engine.go:214.21,215.25 1 0
qmanager/internal/atengine/engine.go:216.26,216.26 0 1
qmanager/internal/atengine/engine.go:218.22,219.10 1 1
qmanager/internal/atengine/engine.go:220.21,221.43 1 0
qmanager/internal/atengine/engine.go:222.21,223.25 1 1
qmanager/internal/atengine/engine.go:224.26,224.26 0 1
qmanager/internal/atengine/engine.go:226.19,227.10 1 1
qmanager/internal/atengine/engine.go:228.21,229.43 1 0
qmanager/internal/atengine/engine.go:230.21,231.25 1 0
qmanager/internal/atengine/engine.go:232.25,232.25 0 1
qmanager/internal/atengine/engine.go:233.11,235.28 1 1
qmanager/internal/atengine/engine.go:240.2,241.9 2 1
qmanager/internal/atengine/engine.go:242.20,243.42 1 1
qmanager/internal/atengine/engine.go:244.20,245.24 1 1
qmanager/internal/atengine/engine.go:246.29,246.29 0 1
qmanager/internal/atengine/engine.go:249.2,260.16 5 1
qmanager/internal/atengine/engine.go:260.16,263.3 2 1
qmanager/internal/atengine/engine.go:265.2,265.18 1 1
qmanager/internal/atengine/engine.go:265.18,268.3 2 1
qmanager/internal/atengine/engine.go:270.2,270.17 1 1
qmanager/internal/atengine/engine.go:274.80,276.2 1 1
qmanager/internal/atengine/engine.go:279.52,281.2 1 1
qmanager/internal/atengine/engine.go:284.77,286.2 1 1
qmanager/internal/atengine/engine.go:289.76,291.2 1 1
qmanager/internal/atengine/engine.go:294.90,296.31 2 1
qmanager/internal/atengine/engine.go:296.31,298.17 2 1
qmanager/internal/atengine/engine.go:298.17,300.4 1 1
qmanager/internal/atengine/engine.go:301.3,301.17 1 1
qmanager/internal/atengine/engine.go:301.17,303.4 1 0
qmanager/internal/atengine/engine.go:305.2,305.21 1 1
qmanager/internal/atengine/engine.go:308.34,315.2 2 1
qmanager/internal/atengine/parser.go:55.49,57.15 2 1
qmanager/internal/atengine/parser.go:57.15,59.16 2 1
qmanager/internal/atengine/parser.go:59.16,61.4 1 1
qmanager/internal/atengine/parser.go:63.2,64.53 2 1
qmanager/internal/atengine/parser.go:64.53,66.3 1 0
qmanager/internal/atengine/parser.go:66.8,66.60 1 1
qmanager/internal/atengine/parser.go:66.60,68.3 1 1
qmanager/internal/atengine/parser.go:69.2,73.37 4 1
qmanager/internal/atengine/parser.go:73.37,75.3 1 1
qmanager/internal/atengine/parser.go:75.8,78.3 2 0
qmanager/internal/atengine/parser.go:80.2,81.21 2 1
qmanager/internal/atengine/parser.go:81.21,83.3 1 0
qmanager/internal/atengine/parser.go:85.2,88.20 2 1
qmanager/internal/atengine/parser.go:88.20,90.3 1 1
qmanager/internal/atengine/parser.go:92.2,92.54 1 1
qmanager/internal/atengine/parser.go:92.54,94.3 1 1
qmanager/internal/atengine/parser.go:96.2,96.20 1 1
qmanager/internal/atengine/parser.go:96.20,98.3 1 0
qmanager/internal/atengine/parser.go:100.2,100.19 1 1
qmanager/internal/atengine/parser.go:101.31,103.23 1 1
qmanager/internal/atengine/parser.go:103.23,119.24 16 1
qmanager/internal/atengine/parser.go:119.24,121.5 1 1
qmanager/internal/atengine/parser.go:123.17,125.23 1 1
qmanager/internal/atengine/parser.go:125.23,139.4 13 1
qmanager/internal/atengine/parser.go:140.18,142.23 1 1
qmanager/internal/atengine/parser.go:142.23,151.24 9 1
qmanager/internal/atengine/parser.go:151.24,154.5 2 1
qmanager/internal/atengine/parser.go:156.15,157.23 1 1
qmanager/internal/atengine/parser.go:157.23,165.4 7 1
qmanager/internal/atengine/parser.go:168.2,168.13 1 1
qmanager/internal/atengine/parser.go:172.50,176.25 3 1
qmanager/internal/atengine/parser.go:176.25,178.59 2 1
qmanager/internal/atengine/parser.go:178.59,181.4 2 1
qmanager/internal/atengine/parser.go:181.9,184.4 2 1
qmanager/internal/atengine/parser.go:186.3,187.44 2 1
qmanager/internal/atengine/parser.go:187.44,188.12 1 1
qmanager/internal/atengine/parser.go:191.3,193.21 3 1
qmanager/internal/atengine/parser.go:193.21,194.12 1 0
qmanager/internal/atengine/parser.go:198.3,205.13 7 1
qmanager/internal/atengine/parser.go:206.10,207.13 1 1
qmanager/internal/atengine/parser.go:208.11,209.13 1 1
qmanager/internal/atengine/parser.go:210.11,211.13 1 1
qmanager/internal/atengine/parser.go:212.11,213.14 1 1
qmanager/internal/atengine/parser.go:214.11,215.14 1 1
qmanager/internal/atengine/parser.go:216.12,217.14 1 1
qmanager/internal/atengine/parser.go:218.11,219.14 1 0
qmanager/internal/atengine/parser.go:219.14,221.5 1 0
qmanager/internal/atengine/parser.go:224.3,225.55 2 1
qmanager/internal/atengine/parser.go:225.55,227.4 1 1
qmanager/internal/atengine/parser.go:229.3,230.41 2 1
qmanager/internal/atengine/parser.go:230.41,233.20 3 1
qmanager/internal/atengine/parser.go:233.20,235.5 1 1
qmanager/internal/atengine/parser.go:235.10,237.5 1 1
qmanager/internal/atengine/parser.go:240.3,252.23 2 1
qmanager/internal/atengine/parser.go:252.23,257.4 4 1
qmanager/internal/atengine/parser.go:259.3,259.26 1 1
qmanager/internal/atengine/parser.go:262.2,262.13 1 1
qmanager/internal/atengine/parser.go:294.35,296.37 2 1
qmanager/internal/atengine/parser.go:296.37,297.36 1 1
qmanager/internal/atengine/parser.go:297.36,299.9 2 1
qmanager/internal/atengine/parser.go:302.2,302.13 1 1
qmanager/internal/atengine/parser.go:302.13,304.3 1 1
qmanager/internal/atengine/parser.go:306.2,308.29 3 1
qmanager/internal/atengine/parser.go:308.29,310.20 2 1
qmanager/internal/atengine/parser.go:310.20,311.12 1 1
qmanager/internal/atengine/parser.go:313.3,314.38 2 1
qmanager/internal/atengine/parser.go:314.38,315.42 1 1
qmanager/internal/atengine/parser.go:315.42,317.10 2 1
qmanager/internal/atengine/parser.go:320.3,320.13 1 1
qmanager/internal/atengine/parser.go:320.13,322.4 1 1
qmanager/internal/atengine/parser.go:324.2,324.37 1 1
qmanager/internal/atengine/parser.go:328.42,331.29 3 1
qmanager/internal/atengine/parser.go:331.29,333.40 2 1
qmanager/internal/atengine/parser.go:333.40,334.12 1 1
qmanager/internal/atengine/parser.go:337.3,338.21 2 1
qmanager/internal/atengine/parser.go:338.21,339.12 1 0
qmanager/internal/atengine/parser.go:342.3,344.33 3 1
qmanager/internal/atengine/parser.go:344.33,345.12 1 0
qmanager/internal/atengine/parser.go:348.3,349.22 2 1
qmanager/internal/atengine/parser.go:349.22,351.4 1 1
qmanager/internal/atengine/parser.go:353.3,357.4 1 1
qmanager/internal/atengine/parser.go:359.2,359.12 1 1
qmanager/internal/atengine/parser.go:367.46,373.29 5 1
qmanager/internal/atengine/parser.go:373.29,375.42 2 1
qmanager/internal/atengine/parser.go:375.42,376.12 1 1
qmanager/internal/atengine/parser.go:379.3,380.21 2 1
qmanager/internal/atengine/parser.go:380.21,381.12 1 0
qmanager/internal/atengine/parser.go:384.3,386.17 3 1
qmanager/internal/atengine/parser.go:386.17,387.12 1 0
qmanager/internal/atengine/parser.go:390.3,391.17 2 1
qmanager/internal/atengine/parser.go:391.17,393.4 1 1
qmanager/internal/atengine/parser.go:396.2,396.23 1 1
qmanager/internal/atengine/parser.go:396.23,398.3 1 1
qmanager/internal/atengine/parser.go:400.2,403.3 1 1
qmanager/internal/atengine/parser.go:407.42,409.15 2 1
qmanager/internal/atengine/parser.go:409.15,411.3 1 1
qmanager/internal/atengine/parser.go:412.2,413.53 2 1
qmanager/internal/atengine/parser.go:413.53,415.3 1 1
qmanager/internal/atengine/parser.go:415.8,415.60 1 1
qmanager/internal/atengine/parser.go:415.60,417.3 1 0
qmanager/internal/atengine/parser.go:419.2,420.20 2 1
qmanager/internal/atengine/parser.go:420.20,422.3 1 0
qmanager/internal/atengine/parser.go:424.2,426.32 3 1
qmanager/internal/atengine/parser.go:426.32,428.3 1 0
qmanager/internal/atengine/parser.go:430.2,431.15 2 1
qmanager/internal/atengine/parser.go:431.15,433.3 1 1
qmanager/internal/atengine/parser.go:433.8,433.22 1 1
qmanager/internal/atengine/parser.go:433.22,435.3 1 1
qmanager/internal/atengine/parser.go:435.8,435.36 1 1
qmanager/internal/atengine/parser.go:435.36,437.3 1 1
qmanager/internal/atengine/parser.go:437.8,437.23 1 1
qmanager/internal/atengine/parser.go:437.23,439.3 1 1
qmanager/internal/atengine/parser.go:441.2,445.3 1 1
qmanager/internal/atengine/parser.go:448.41,454.25 5 1
qmanager/internal/atengine/parser.go:454.25,456.13 2 1
qmanager/internal/atengine/parser.go:457.12,458.24 1 1
qmanager/internal/atengine/parser.go:459.12,460.17 1 1
qmanager/internal/atengine/parser.go:460.17,465.5 4 1
qmanager/internal/atengine/parser.go:468.2,468.16 1 1
qmanager/internal/atengine/parser.go:468.16,472.3 3 1
qmanager/internal/atengine/parser.go:474.2,474.14 1 1
qmanager/internal/atengine/transport.go:39.40,45.2 1 1
qmanager/internal/atengine/transport.go:47.79,48.34 1 1
qmanager/internal/atengine/transport.go:48.34,50.3 1 0
qmanager/internal/atengine/transport.go:52.2,57.42 5 1
qmanager/internal/atengine/transport.go:57.42,59.3 1 1
qmanager/internal/atengine/transport.go:60.2,60.23 1 1
qmanager/internal/atengine/transport.go:63.55,67.2 3 1
qmanager/internal/atengine/transport.go:70.47,76.2 5 1
qmanager/internal/atengine/transport.go:79.40,83.2 3 1
qmanager/internal/atengine/transport.go:85.39,87.2 1 1
qmanager/internal/atengine/transport.go:97.58,98.19 1 1
qmanager/internal/atengine/transport.go:98.19,100.3 1 1
qmanager/internal/atengine/transport.go:101.2,103.3 1 1
qmanager/internal/atengine/transport.go:107.36,118.41 2 1
qmanager/internal/atengine/transport.go:118.41,120.3 1 1
qmanager/internal/atengine/transport.go:121.2,121.14 1 1
qmanager/internal/atengine/transport.go:125.69,129.6 3 1
qmanager/internal/atengine/transport.go:129.6,130.10 1 1
qmanager/internal/atengine/transport.go:131.21,132.35 1 0
qmanager/internal/atengine/transport.go:133.11,133.11 0 1
qmanager/internal/atengine/transport.go:136.3,136.32 1 1
qmanager/internal/atengine/transport.go:136.32,138.4 1 0
qmanager/internal/atengine/transport.go:140.3,141.12 2 1
qmanager/internal/atengine/transport.go:141.12,143.33 2 1
qmanager/internal/atengine/transport.go:143.33,144.10 1 1
qmanager/internal/atengine/transport.go:148.3,148.18 1 0
qmanager/internal/atengine/transport.go:148.18,149.31 1 0
qmanager/internal/atengine/transport.go:149.31,150.10 1 0
qmanager/internal/atengine/transport.go:152.4,152.26 1 0
qmanager/internal/atengine/transport.go:152.26,153.25 1 0
qmanager/internal/atengine/transport.go:153.25,155.6 1 0
qmanager/internal/atengine/transport.go:156.5,156.34 1 0
qmanager/internal/atengine/transport.go:156.34,157.11 1 0
qmanager/internal/atengine/transport.go:163.2,164.162 2 1
qmanager/internal/atengine/transport.go:164.162,166.3 1 0
qmanager/internal/atengine/transport.go:167.2,167.43 1 1
qmanager/internal/atengine/transport.go:167.43,169.3 1 0
qmanager/internal/atengine/transport.go:171.2,171.17 1 1
qmanager/internal/atengine/transport.go:175.81,180.16 4 1
qmanager/internal/atengine/transport.go:180.16,182.3 1 1
qmanager/internal/atengine/transport.go:183.2,186.78 3 0
qmanager/internal/atengine/transport.go:186.78,188.3 1 0
qmanager/internal/atengine/transport.go:190.2,190.53 1 0
qmanager/internal/atengine/transport.go:190.53,192.3 1 0
qmanager/internal/atengine/transport.go:194.2,194.29 1 0
qmanager/internal/atengine/transport.go:197.41,199.2 1 1
qmanager/internal/atengine/transport.go:206.49,207.16 1 1
qmanager/internal/atengine/transport.go:207.16,209.3 1 1
qmanager/internal/atengine/transport.go:210.2,210.37 1 1
qmanager/internal/atengine/transport.go:213.78,214.46 1 1
qmanager/internal/atengine/transport.go:214.46,216.3 1 1
qmanager/internal/atengine/transport.go:218.2,220.16 3 0
qmanager/internal/atengine/transport.go:220.16,221.23 1 0
qmanager/internal/atengine/transport.go:221.23,223.4 1 0
qmanager/internal/atengine/transport.go:224.3,224.72 1 0
qmanager/internal/atengine/transport.go:227.2,227.25 1 0
qmanager/internal/atengine/transport.go:230.38,232.2 1 1
qmanager/internal/atengine/transport.go:235.38,243.39 2 1
qmanager/internal/atengine/transport.go:243.39,244.41 1 1
qmanager/internal/atengine/transport.go:244.41,246.4 1 0
qmanager/internal/atengine/transport.go:250.2,250.59 1 1
qmanager/internal/atengine/transport.go:250.59,252.3 1 0
qmanager/internal/atengine/transport.go:255.2,255.27 1 1
qmanager/internal/platform/detector.go:32.63,33.23 1 1
qmanager/internal/platform/detector.go:33.23,35.3 1 1
qmanager/internal/platform/detector.go:36.2,36.23 1 1
qmanager/internal/platform/detector.go:36.23,38.3 1 1
qmanager/internal/platform/detector.go:40.2,49.51 2 1
qmanager/internal/platform/detector.go:49.51,52.22 3 1
qmanager/internal/platform/detector.go:52.22,55.25 3 1
qmanager/internal/platform/detector.go:55.25,60.40 4 1
qmanager/internal/platform/detector.go:60.40,62.6 1 1
qmanager/internal/platform/detector.go:62.11,62.46 1 1
qmanager/internal/platform/detector.go:62.46,64.6 1 1
qmanager/internal/platform/detector.go:64.11,64.46 1 1
qmanager/internal/platform/detector.go:64.46,66.6 1 1
qmanager/internal/platform/detector.go:66.11,66.46 1 1
qmanager/internal/platform/detector.go:66.46,68.6 1 1
qmanager/internal/platform/detector.go:74.2,74.55 1 1
qmanager/internal/platform/detector.go:74.55,76.63 2 1
qmanager/internal/platform/detector.go:76.63,78.4 1 1
qmanager/internal/platform/detector.go:82.2,85.11 3 1
qmanager/internal/platform/self_heal.go:30.44,32.32 2 1
qmanager/internal/platform/self_heal.go:32.32,34.3 1 1
qmanager/internal/platform/self_heal.go:35.2,35.62 1 1
qmanager/internal/platform/self_heal.go:35.62,37.3 1 1
qmanager/internal/platform/self_heal.go:38.2,38.18 1 1
qmanager/internal/platform/self_heal.go:42.37,43.73 1 1
qmanager/internal/platform/self_heal.go:43.73,45.3 1 1
qmanager/internal/platform/self_heal.go:46.2,46.20 1 1
qmanager/internal/platform/self_heal.go:51.59,52.20 1 1
qmanager/internal/platform/self_heal.go:52.20,54.3 1 0
qmanager/internal/platform/self_heal.go:57.2,57.47 1 1
qmanager/internal/platform/self_heal.go:57.47,58.36 1 1
qmanager/internal/platform/self_heal.go:58.36,60.4 1 1
qmanager/internal/platform/self_heal.go:61.3,61.17 1 1
qmanager/internal/platform/self_heal.go:61.17,63.4 1 1
qmanager/internal/platform/self_heal.go:66.2,69.55 4 1
qmanager/internal/platform/self_heal.go:69.55,71.3 1 1
qmanager/internal/platform/self_heal.go:73.2,85.16 3 1
qmanager/internal/platform/self_heal.go:85.16,87.3 1 0
qmanager/internal/platform/self_heal.go:89.2,90.47 2 1
qmanager/internal/platform/self_heal.go:90.47,92.3 1 0
qmanager/internal/platform/self_heal.go:94.2,96.46 2 1
qmanager/internal/platform/self_heal.go:96.46,97.36 1 0
qmanager/internal/platform/self_heal.go:97.36,99.4 1 0
qmanager/internal/platform/self_heal.go:100.3,100.25 1 0
qmanager/internal/platform/self_heal.go:103.2,103.58 1 1
qmanager/internal/platform/self_heal.go:103.58,105.3 1 0
qmanager/internal/platform/self_heal.go:107.2,107.53 1 1
qmanager/internal/platform/self_heal.go:107.53,110.3 2 0
qmanager/internal/platform/self_heal.go:112.2,112.12 1 1
qmanager/internal/platform/self_heal.go:116.66,118.16 2 1
qmanager/internal/platform/self_heal.go:118.16,120.3 1 1
qmanager/internal/platform/self_heal.go:122.2,123.49 2 1
qmanager/internal/platform/self_heal.go:123.49,125.3 1 1
qmanager/internal/platform/self_heal.go:127.2,127.39 1 1
qmanager/internal/platform/self_heal.go:127.39,129.3 1 1
qmanager/internal/platform/self_heal.go:131.2,131.106 1 1
qmanager/internal/platform/self_heal.go:131.106,133.3 1 1
qmanager/internal/platform/self_heal.go:135.2,135.14 1 1
qmanager/internal/platform/sysfs.go:40.47,41.16 1 1
qmanager/internal/platform/sysfs.go:41.16,43.3 1 1
qmanager/internal/platform/sysfs.go:44.2,45.16 2 1
qmanager/internal/platform/sysfs.go:45.16,47.3 1 1
qmanager/internal/platform/sysfs.go:48.2,49.21 2 1
qmanager/internal/platform/sysfs.go:49.21,51.3 1 1
qmanager/internal/platform/sysfs.go:52.2,52.42 1 1
qmanager/internal/platform/sysfs.go:56.70,57.16 1 1
qmanager/internal/platform/sysfs.go:57.16,59.3 1 1
qmanager/internal/platform/sysfs.go:60.2,61.16 2 1
qmanager/internal/platform/sysfs.go:61.16,63.3 1 1
qmanager/internal/platform/sysfs.go:64.2,67.21 3 1
qmanager/internal/platform/sysfs.go:67.21,70.22 3 1
qmanager/internal/platform/sysfs.go:70.22,71.12 1 1
qmanager/internal/platform/sysfs.go:73.3,75.26 3 1
qmanager/internal/platform/sysfs.go:75.26,76.12 1 1
qmanager/internal/platform/sysfs.go:78.3,80.14 2 1
qmanager/internal/platform/sysfs.go:81.19,82.15 1 1
qmanager/internal/platform/sysfs.go:83.18,84.14 1 1
qmanager/internal/platform/sysfs.go:85.23,86.15 1 1
qmanager/internal/platform/sysfs.go:89.2,89.28 1 1
qmanager/internal/platform/sysfs.go:89.28,91.3 1 1
qmanager/internal/platform/sysfs.go:92.2,92.32 1 1
qmanager/internal/platform/sysfs.go:96.28,99.16 2 1
qmanager/internal/platform/sysfs.go:99.16,100.27 1 1
qmanager/internal/platform/sysfs.go:100.27,101.47 1 1
qmanager/internal/platform/sysfs.go:101.47,103.30 2 1
qmanager/internal/platform/sysfs.go:103.30,104.20 1 1
qmanager/internal/platform/sysfs.go:104.20,106.7 1 1
qmanager/internal/platform/sysfs.go:107.6,107.16 1 1
qmanager/internal/platform/sysfs.go:114.2,115.16 2 1
qmanager/internal/platform/sysfs.go:115.16,116.27 1 1
qmanager/internal/platform/sysfs.go:116.27,117.47 1 1
qmanager/internal/platform/sysfs.go:117.47,119.30 2 1
qmanager/internal/platform/sysfs.go:119.30,120.20 1 1
qmanager/internal/platform/sysfs.go:120.20,122.7 1 1
qmanager/internal/platform/sysfs.go:123.6,123.16 1 1
qmanager/internal/platform/sysfs.go:129.2,129.12 1 1
qmanager/internal/platform/sysfs.go:133.69,134.16 1 1
qmanager/internal/platform/sysfs.go:134.16,136.3 1 1
qmanager/internal/platform/sysfs.go:137.2,138.16 2 1
qmanager/internal/platform/sysfs.go:138.16,140.3 1 1
qmanager/internal/platform/sysfs.go:141.2,147.21 5 1
qmanager/internal/platform/sysfs.go:147.21,149.19 2 1
qmanager/internal/platform/sysfs.go:149.19,150.12 1 1
qmanager/internal/platform/sysfs.go:152.3,154.22 3 1
qmanager/internal/platform/sysfs.go:154.22,155.12 1 1
qmanager/internal/platform/sysfs.go:157.3,159.23 3 1
qmanager/internal/platform/sysfs.go:159.23,160.12 1 1
qmanager/internal/platform/sysfs.go:163.3,178.4 7 1
qmanager/internal/platform/sysfs.go:181.2,181.19 1 1
qmanager/internal/platform/sysfs.go:185.39,192.22 4 1
qmanager/internal/platform/sysfs.go:192.22,195.3 2 0
qmanager/internal/platform/sysfs.go:196.2,197.50 2 1
qmanager/internal/platform/sysfs.go:197.50,199.3 1 0
qmanager/internal/platform/sysfs.go:201.2,201.10 1 1
qmanager/internal/api/router/router.go:32.44,89.42 44 1
qmanager/internal/api/router/router.go:89.42,109.35 13 1
qmanager/internal/api/router/router.go:109.35,110.50 1 1
qmanager/internal/api/router/router.go:110.50,111.74 1 1
qmanager/internal/api/router/router.go:111.74,113.6 1 0
qmanager/internal/api/router/router.go:117.4,231.55 93 1
qmanager/internal/api/router/router.go:236.2,236.55 1 1
qmanager/internal/api/router/router.go:236.55,361.3 91 1
qmanager/internal/api/router/router.go:364.2,365.16 2 1
qmanager/internal/api/router/router.go:365.16,367.82 2 1
qmanager/internal/api/router/router.go:367.82,369.4 1 0
qmanager/internal/api/router/router.go:372.2,372.10 1 1
qmanager/cmd/qmanager/main.go:25.54,26.16 1 1
qmanager/cmd/qmanager/main.go:26.16,28.3 1 0
qmanager/cmd/qmanager/main.go:29.2,29.16 1 1
qmanager/cmd/qmanager/main.go:29.16,31.3 1 0
qmanager/cmd/qmanager/main.go:33.2,41.16 5 1
qmanager/cmd/qmanager/main.go:41.16,43.3 1 0
qmanager/cmd/qmanager/main.go:46.2,92.12 22 1
qmanager/cmd/qmanager/main.go:92.12,95.10 3 1
qmanager/cmd/qmanager/main.go:96.18,98.22 2 0
qmanager/cmd/qmanager/main.go:99.21,100.22 1 1
qmanager/cmd/qmanager/main.go:104.2,105.79 2 1
qmanager/cmd/qmanager/main.go:105.79,107.3 1 0
qmanager/cmd/qmanager/main.go:108.2,108.12 1 1
qmanager/cmd/qmanager/main.go:111.25,112.58 1 0
qmanager/cmd/qmanager/main.go:112.58,114.3 1 0
qmanager/cmd/qmanager/main.go:117.13,119.2 1 1
qmanager/internal/config/config.go:66.32,98.2 1 1
qmanager/internal/config/config.go:101.48,102.16 1 1
qmanager/internal/config/config.go:102.16,104.3 1 1
qmanager/internal/config/config.go:106.2,111.33 2 1
qmanager/internal/config/config.go:111.33,113.25 1 1
qmanager/internal/config/config.go:113.25,114.37 1 1
qmanager/internal/config/config.go:114.37,116.5 1 1
qmanager/internal/config/config.go:117.4,117.17 1 1
qmanager/internal/config/config.go:119.3,119.71 1 1
qmanager/internal/config/config.go:122.2,122.15 1 1
qmanager/internal/config/config.go:125.32,130.16 4 1
qmanager/internal/config/config.go:130.16,132.3 1 1
qmanager/internal/config/config.go:134.2,135.51 2 1
qmanager/internal/config/config.go:135.51,137.3 1 1
qmanager/internal/config/config.go:139.2,140.12 2 1
qmanager/internal/config/config.go:144.32,148.2 3 1
qmanager/internal/config/config.go:151.50,157.2 4 1
qmanager/internal/config/config.go:160.32,164.2 3 1
qmanager/internal/config/config.go:166.38,171.16 3 1
qmanager/internal/config/config.go:171.16,172.25 1 1
qmanager/internal/config/config.go:172.25,173.53 1 1
qmanager/internal/config/config.go:173.53,175.5 1 1
qmanager/internal/config/config.go:176.9,178.4 1 1
qmanager/internal/config/config.go:179.8,179.29 1 1
qmanager/internal/config/config.go:179.29,181.3 1 1
qmanager/internal/config/config.go:184.2,184.45 1 1
qmanager/internal/config/config.go:184.45,185.36 1 1
qmanager/internal/config/config.go:185.36,187.4 1 1
qmanager/internal/config/config.go:188.3,188.17 1 1
qmanager/internal/config/config.go:188.17,190.4 1 1
qmanager/internal/config/config.go:193.2,194.16 2 1
qmanager/internal/config/config.go:194.16,196.3 1 0
qmanager/internal/config/config.go:199.2,202.46 2 1
qmanager/internal/config/config.go:202.46,203.36 1 0
qmanager/internal/config/config.go:203.36,205.4 1 0
qmanager/internal/config/config.go:206.3,206.25 1 0
qmanager/internal/config/config.go:209.2,210.16 2 1
qmanager/internal/config/config.go:210.16,212.3 1 0
qmanager/internal/config/config.go:214.2,214.41 1 1
qmanager/internal/config/config.go:214.41,218.3 3 0
qmanager/internal/config/config.go:221.2,221.33 1 1
qmanager/internal/config/config.go:221.33,225.3 3 0
qmanager/internal/config/config.go:226.2,229.51 2 1
qmanager/internal/config/config.go:229.51,232.3 2 0
qmanager/internal/config/config.go:234.2,234.12 1 1
qmanager/internal/telemetry/alerts.go:50.64,56.2 1 1
qmanager/internal/telemetry/alerts.go:59.59,63.2 3 1
qmanager/internal/telemetry/alerts.go:66.60,70.2 3 1
qmanager/internal/telemetry/alerts.go:73.77,75.35 2 1
qmanager/internal/telemetry/alerts.go:75.35,77.3 1 0
qmanager/internal/telemetry/alerts.go:78.2,84.66 5 1
qmanager/internal/telemetry/alerts.go:84.66,86.3 1 0
qmanager/internal/telemetry/alerts.go:89.2,89.67 1 1
qmanager/internal/telemetry/alerts.go:89.67,91.3 1 1
qmanager/internal/telemetry/alerts.go:94.74,102.2 4 1
qmanager/internal/telemetry/alerts.go:104.79,113.2 5 1
qmanager/internal/telemetry/alerts.go:116.55,123.2 5 1
qmanager/internal/telemetry/history.go:64.43,65.24 1 1
qmanager/internal/telemetry/history.go:65.24,67.3 1 1
qmanager/internal/telemetry/history.go:68.2,68.22 1 1
qmanager/internal/telemetry/history.go:72.78,73.20 1 1
qmanager/internal/telemetry/history.go:73.20,75.3 1 0
qmanager/internal/telemetry/history.go:76.2,76.18 1 1
qmanager/internal/telemetry/history.go:76.18,78.3 1 0
qmanager/internal/telemetry/history.go:79.2,79.19 1 1
qmanager/internal/telemetry/history.go:79.19,81.3 1 0
qmanager/internal/telemetry/history.go:83.2,90.3 1 1
qmanager/internal/telemetry/history.go:94.64,98.23 3 1
qmanager/internal/telemetry/history.go:98.23,100.3 1 0
qmanager/internal/telemetry/history.go:102.2,104.33 3 1
qmanager/internal/telemetry/history.go:104.33,106.3 1 1
qmanager/internal/telemetry/history.go:110.75,114.24 3 1
qmanager/internal/telemetry/history.go:114.24,116.3 1 0
qmanager/internal/telemetry/history.go:118.2,121.37 3 1
qmanager/internal/telemetry/history.go:121.37,124.3 2 1
qmanager/internal/telemetry/history.go:126.2,126.34 1 1
qmanager/internal/telemetry/history.go:126.34,128.3 1 0
qmanager/internal/telemetry/history.go:130.2,130.15 1 1
qmanager/internal/telemetry/history.go:134.60,138.23 3 1
qmanager/internal/telemetry/history.go:138.23,140.3 1 0
qmanager/internal/telemetry/history.go:142.2,144.29 3 1
qmanager/internal/telemetry/history.go:144.29,146.3 1 1
qmanager/internal/telemetry/history.go:150.71,154.22 3 1
qmanager/internal/telemetry/history.go:154.22,156.3 1 0
qmanager/internal/telemetry/history.go:158.2,161.35 3 1
qmanager/internal/telemetry/history.go:161.35,164.3 2 1
qmanager/internal/telemetry/history.go:166.2,166.34 1 1
qmanager/internal/telemetry/history.go:166.34,168.3 1 0
qmanager/internal/telemetry/history.go:170.2,170.15 1 1
qmanager/internal/telemetry/history.go:174.62,178.24 3 1
qmanager/internal/telemetry/history.go:178.24,180.3 1 0
qmanager/internal/telemetry/history.go:182.2,184.31 3 1
qmanager/internal/telemetry/history.go:184.31,186.3 1 1
qmanager/internal/telemetry/history.go:190.66,194.23 3 1
qmanager/internal/telemetry/history.go:194.23,196.3 1 0
qmanager/internal/telemetry/history.go:198.2,201.36 3 1
qmanager/internal/telemetry/history.go:201.36,204.3 2 1
qmanager/internal/telemetry/history.go:206.2,206.34 1 1
qmanager/internal/telemetry/history.go:206.34,208.3 1 0
qmanager/internal/telemetry/history.go:210.2,210.15 1 1
qmanager/internal/telemetry/logger.go:31.36,33.2 1 1
qmanager/internal/telemetry/logger.go:51.42,52.23 1 1
qmanager/internal/telemetry/logger.go:52.23,57.3 3 1
qmanager/internal/telemetry/logger.go:58.2,58.22 1 1
qmanager/internal/telemetry/logger.go:62.58,63.19 1 1
qmanager/internal/telemetry/logger.go:63.19,65.3 1 0
qmanager/internal/telemetry/logger.go:66.2,71.3 1 1
qmanager/internal/telemetry/logger.go:75.72,88.26 6 1
qmanager/internal/telemetry/logger.go:88.26,90.3 1 1
qmanager/internal/telemetry/logger.go:94.63,96.15 2 1
qmanager/internal/telemetry/logger.go:96.15,98.3 1 1
qmanager/internal/telemetry/logger.go:99.2,99.20 1 1
qmanager/internal/telemetry/logger.go:103.102,107.18 3 1
qmanager/internal/telemetry/logger.go:107.18,109.3 1 0
qmanager/internal/telemetry/logger.go:111.2,118.31 6 1
qmanager/internal/telemetry/logger.go:118.31,122.77 3 1
qmanager/internal/telemetry/logger.go:122.77,123.12 1 1
qmanager/internal/telemetry/logger.go:125.3,125.89 1 1
qmanager/internal/telemetry/logger.go:125.89,126.12 1 1
qmanager/internal/telemetry/logger.go:128.3,128.136 1 1
qmanager/internal/telemetry/logger.go:128.136,129.12 1 1
qmanager/internal/telemetry/logger.go:132.3,132.31 1 1
qmanager/internal/telemetry/logger.go:135.2,135.34 1 1
qmanager/internal/telemetry/logger.go:135.34,138.3 1 0
qmanager/internal/telemetry/logger.go:140.2,140.15 1 1
qmanager/internal/telemetry/logger.go:144.70,147.28 3 1
qmanager/internal/telemetry/logger.go:147.28,149.3 1 1
qmanager/internal/telemetry/logger.go:150.2,150.14 1 1
qmanager/internal/telemetry/logger.go:154.36,159.2 4 1
qmanager/internal/telemetry/logger.go:162.40,166.2 3 1
qmanager/internal/telemetry/ping.go:42.71,43.18 1 1
qmanager/internal/telemetry/ping.go:43.18,45.3 1 0
qmanager/internal/telemetry/ping.go:46.2,46.37 1 1
qmanager/internal/telemetry/ping.go:46.37,48.3 1 1
qmanager/internal/telemetry/ping.go:49.2,56.3 1 1
qmanager/internal/telemetry/ping.go:60.30,62.15 2 1
qmanager/internal/telemetry/ping.go:62.15,65.3 2 1
qmanager/internal/telemetry/ping.go:66.2,69.13 3 1
qmanager/internal/telemetry/ping.go:73.29,76.16 3 1
qmanager/internal/telemetry/ping.go:76.16,78.3 1 1
qmanager/internal/telemetry/ping.go:79.2,80.17 2 1
qmanager/internal/telemetry/ping.go:84.45,95.16 5 1
qmanager/internal/telemetry/ping.go:95.16,97.3 1 1
qmanager/internal/telemetry/ping.go:97.8,99.3 1 1
qmanager/internal/telemetry/ping.go:101.2,102.36 2 1
qmanager/internal/telemetry/ping.go:102.36,104.3 1 0
qmanager/internal/telemetry/ping.go:105.2,110.20 4 1
qmanager/internal/telemetry/ping.go:110.20,112.3 1 1
qmanager/internal/telemetry/ping.go:113.2,114.21 2 1
qmanager/internal/telemetry/ping.go:114.21,116.3 1 1
qmanager/internal/telemetry/ping.go:118.2,128.15 2 1
qmanager/internal/telemetry/ping.go:132.43,142.25 5 1
qmanager/internal/telemetry/ping.go:142.25,144.3 1 1
qmanager/internal/telemetry/ping.go:146.2,152.30 5 1
qmanager/internal/telemetry/ping.go:152.30,153.16 1 1
qmanager/internal/telemetry/ping.go:153.16,157.28 4 1
qmanager/internal/telemetry/ping.go:157.28,159.5 1 1
qmanager/internal/telemetry/ping.go:160.4,160.28 1 1
qmanager/internal/telemetry/ping.go:160.28,162.5 1 1
qmanager/internal/telemetry/ping.go:163.4,163.33 1 1
qmanager/internal/telemetry/ping.go:167.2,170.22 3 1
qmanager/internal/telemetry/ping.go:170.22,176.25 4 1
qmanager/internal/telemetry/ping.go:176.25,178.40 2 1
qmanager/internal/telemetry/ping.go:178.40,180.5 1 1
qmanager/internal/telemetry/ping.go:181.4,181.56 1 1
qmanager/internal/telemetry/ping.go:183.8,185.3 1 1
qmanager/internal/telemetry/ping.go:187.2,187.14 1 1
qmanager/internal/telemetry/ping.go:190.29,196.6 4 1
qmanager/internal/telemetry/ping.go:196.6,197.10 1 1
qmanager/internal/telemetry/ping.go:198.19,199.10 1 1
qmanager/internal/telemetry/ping.go:200.19,201.17 1 0
qmanager/internal/telemetry/poller.go:251.92,252.37 1 1
qmanager/internal/telemetry/poller.go:252.37,254.3 1 1
qmanager/internal/telemetry/poller.go:255.2,261.3 1 1
qmanager/internal/telemetry/poller.go:264.58,302.2 1 1
qmanager/internal/telemetry/poller.go:305.26,307.15 2 1
qmanager/internal/telemetry/poller.go:307.15,310.3 2 1
qmanager/internal/telemetry/poller.go:311.2,314.13 3 1
qmanager/internal/telemetry/poller.go:318.25,321.16 3 1
qmanager/internal/telemetry/poller.go:321.16,323.3 1 1
qmanager/internal/telemetry/poller.go:324.2,325.17 2 1
qmanager/internal/telemetry/poller.go:328.25,334.6 4 1
qmanager/internal/telemetry/poller.go:334.6,335.10 1 1
qmanager/internal/telemetry/poller.go:336.19,337.10 1 1
qmanager/internal/telemetry/poller.go:338.19,339.12 1 0
qmanager/internal/telemetry/poller.go:345.43,349.2 3 1
qmanager/internal/telemetry/poller.go:351.25,362.40 8 1
qmanager/internal/telemetry/poller.go:362.40,365.3 2 0
qmanager/internal/telemetry/poller.go:367.2,426.76 2 1
qmanager/internal/telemetry/poller.go:426.76,427.66 1 1
qmanager/internal/telemetry/poller.go:427.66,495.21 32 1
qmanager/internal/telemetry/poller.go:495.21,497.5 1 1
qmanager/internal/telemetry/poller.go:502.2,502.65 1 1
qmanager/internal/telemetry/poller.go:502.65,511.31 8 1
qmanager/internal/telemetry/poller.go:511.31,513.48 2 1
qmanager/internal/telemetry/poller.go:513.48,515.5 1 1
qmanager/internal/telemetry/poller.go:517.3,518.67 2 1
qmanager/internal/telemetry/poller.go:522.2,522.22 1 1
qmanager/internal/telemetry/poller.go:522.22,523.62 1 1
qmanager/internal/telemetry/poller.go:523.62,524.53 1 1
qmanager/internal/telemetry/poller.go:524.53,527.5 2 1
qmanager/internal/telemetry/poller.go:531.2,537.28 5 1
qmanager/internal/telemetry/poller.go:537.28,539.3 1 1
qmanager/internal/telemetry/poller.go:540.2,540.28 1 1
qmanager/internal/telemetry/poller.go:540.28,542.3 1 1
qmanager/internal/telemetry/poller.go:543.2,543.28 1 1
qmanager/internal/telemetry/poller.go:543.28,545.3 1 1
qmanager/internal/telemetry/poller.go:547.2,557.58 2 1
qmanager/internal/telemetry/poller.go:560.62,562.16 2 1
qmanager/internal/telemetry/poller.go:562.16,564.3 1 0
qmanager/internal/telemetry/poller.go:565.2,565.39 1 1
qmanager/internal/telemetry/scheduler.go:21.36,23.2 1 1
qmanager/internal/telemetry/scheduler.go:26.63,27.21 1 1
qmanager/internal/telemetry/scheduler.go:27.21,29.3 1 0
qmanager/internal/telemetry/scheduler.go:30.2,30.33 1 1
qmanager/internal/telemetry/scheduler.go:34.78,36.21 2 1
qmanager/internal/telemetry/scheduler.go:36.21,38.3 1 0
qmanager/internal/telemetry/scheduler.go:39.2,41.70 3 1
qmanager/internal/telemetry/scheduler.go:41.70,43.3 1 0
qmanager/internal/telemetry/scheduler.go:45.2,49.14 4 1
qmanager/internal/telemetry/scheduler.go:49.14,51.3 1 1
qmanager/internal/telemetry/scheduler.go:52.2,52.16 1 1
qmanager/internal/telemetry/scheduler.go:52.16,54.3 1 1
qmanager/internal/telemetry/scheduler.go:55.2,55.29 1 1
qmanager/internal/telemetry/scheduler.go:59.69,60.26 1 1
qmanager/internal/telemetry/scheduler.go:60.26,62.3 1 0
qmanager/internal/telemetry/scheduler.go:63.2,64.55 2 1
qmanager/internal/telemetry/scheduler.go:64.55,65.44 1 1
qmanager/internal/telemetry/scheduler.go:65.44,67.4 1 1
qmanager/internal/telemetry/scheduler.go:69.2,69.14 1 1
qmanager/internal/telemetry/scheduler.go:113.76,120.48 1 1
qmanager/internal/telemetry/scheduler.go:120.48,123.5 2 0
qmanager/internal/telemetry/scheduler.go:124.52,127.5 2 0
qmanager/internal/telemetry/scheduler.go:128.52,131.5 2 0
qmanager/internal/telemetry/scheduler.go:132.52,135.5 2 0
qmanager/internal/telemetry/scheduler.go:136.34,138.19 2 0
qmanager/internal/telemetry/scheduler.go:138.19,140.6 1 0
qmanager/internal/telemetry/scheduler.go:141.5,141.14 1 0
qmanager/internal/telemetry/scheduler.go:143.34,145.5 1 0
qmanager/internal/telemetry/scheduler.go:151.51,155.2 3 1
qmanager/internal/telemetry/scheduler.go:158.53,162.2 3 1
qmanager/internal/telemetry/scheduler.go:165.29,167.15 2 1
qmanager/internal/telemetry/scheduler.go:167.15,170.3 2 1
qmanager/internal/telemetry/scheduler.go:171.2,174.13 3 1
qmanager/internal/telemetry/scheduler.go:178.28,181.16 3 1
qmanager/internal/telemetry/scheduler.go:181.16,183.3 1 1
qmanager/internal/telemetry/scheduler.go:184.2,185.17 2 1
qmanager/internal/telemetry/scheduler.go:188.28,192.6 3 1
qmanager/internal/telemetry/scheduler.go:192.6,193.10 1 1
qmanager/internal/telemetry/scheduler.go:194.19,195.10 1 1
qmanager/internal/telemetry/scheduler.go:196.19,197.16 1 0
qmanager/internal/telemetry/scheduler.go:203.32,210.20 6 1
qmanager/internal/telemetry/scheduler.go:210.20,212.3 1 1
qmanager/internal/telemetry/scheduler.go:214.2,215.22 2 1
qmanager/internal/telemetry/scheduler.go:215.22,217.3 1 1
qmanager/internal/telemetry/scheduler.go:217.8,219.3 1 0
qmanager/internal/telemetry/scheduler.go:222.2,222.21 1 1
qmanager/internal/telemetry/scheduler.go:222.21,224.3 1 1
qmanager/internal/telemetry/scheduler.go:226.2,228.32 3 1
qmanager/internal/telemetry/scheduler.go:231.64,233.62 2 1
qmanager/internal/telemetry/scheduler.go:233.62,235.3 1 1
qmanager/internal/telemetry/scheduler.go:238.2,238.53 1 1
qmanager/internal/telemetry/scheduler.go:238.53,240.3 1 0
qmanager/internal/telemetry/scheduler.go:243.2,243.51 1 1
qmanager/internal/telemetry/scheduler.go:243.51,245.3 1 0
qmanager/internal/telemetry/scheduler.go:248.2,250.29 3 1
qmanager/internal/telemetry/scheduler.go:250.29,253.3 2 1
qmanager/internal/telemetry/scheduler.go:254.2,259.63 4 1
qmanager/internal/telemetry/scheduler.go:259.63,262.3 2 0
qmanager/internal/telemetry/scheduler.go:264.2,264.21 1 1
qmanager/internal/telemetry/scheduler.go:264.21,268.3 3 1
qmanager/internal/telemetry/scheduler.go:271.71,277.16 5 1
qmanager/internal/telemetry/scheduler.go:277.16,279.3 1 0
qmanager/internal/telemetry/scheduler.go:281.2,282.53 2 1
qmanager/internal/telemetry/scheduler.go:282.53,284.3 1 0
qmanager/internal/telemetry/scheduler.go:286.2,286.29 1 1
qmanager/internal/telemetry/scheduler.go:286.29,288.3 1 0
qmanager/internal/telemetry/scheduler.go:291.2,291.34 1 1
qmanager/internal/telemetry/scheduler.go:291.34,294.41 3 1
qmanager/internal/telemetry/scheduler.go:294.41,295.19 1 1
qmanager/internal/telemetry/scheduler.go:295.19,297.10 2 1
qmanager/internal/telemetry/scheduler.go:300.3,300.16 1 1
qmanager/internal/telemetry/scheduler.go:300.16,302.4 1 0
qmanager/internal/telemetry/scheduler.go:306.2,306.89 1 1
qmanager/internal/telemetry/scheduler.go:306.89,309.29 3 1
qmanager/internal/telemetry/scheduler.go:309.29,314.22 4 1
qmanager/internal/telemetry/scheduler.go:314.22,318.5 3 1
qmanager/internal/telemetry/scheduler.go:319.9,321.4 1 1
qmanager/internal/telemetry/scheduler.go:322.3,322.9 1 1
qmanager/internal/telemetry/scheduler.go:326.2,326.85 1 1
qmanager/internal/telemetry/scheduler.go:326.85,329.29 3 1
qmanager/internal/telemetry/scheduler.go:329.29,334.22 4 1
qmanager/internal/telemetry/scheduler.go:334.22,338.5 3 1
qmanager/internal/telemetry/scheduler.go:339.9,341.4 1 0
qmanager/internal/telemetry/scheduler.go:345.68,347.64 2 1
qmanager/internal/telemetry/scheduler.go:347.64,349.3 1 1
qmanager/internal/telemetry/scheduler.go:351.2,351.52 1 1
qmanager/internal/telemetry/scheduler.go:351.52,353.3 1 0
qmanager/internal/telemetry/scheduler.go:355.2,357.29 3 1
qmanager/internal/telemetry/scheduler.go:357.29,360.3 2 1
qmanager/internal/telemetry/scheduler.go:361.2,365.21 4 1
qmanager/internal/telemetry/scheduler.go:365.21,369.3 3 1
qmanager/internal/telemetry/sms_forwarder.go:121.85,123.19 2 1
qmanager/internal/telemetry/sms_forwarder.go:123.19,125.3 1 1
qmanager/internal/telemetry/sms_forwarder.go:126.2,127.20 2 1
qmanager/internal/telemetry/sms_forwarder.go:127.20,129.3 1 1
qmanager/internal/telemetry/sms_forwarder.go:130.2,131.20 2 1
qmanager/internal/telemetry/sms_forwarder.go:131.20,133.3 1 1
qmanager/internal/telemetry/sms_forwarder.go:134.2,135.20 2 1
qmanager/internal/telemetry/sms_forwarder.go:135.20,137.3 1 1
qmanager/internal/telemetry/sms_forwarder.go:138.2,139.17 2 1
qmanager/internal/telemetry/sms_forwarder.go:139.17,141.3 1 1
qmanager/internal/telemetry/sms_forwarder.go:143.2,155.3 1 1
qmanager/internal/telemetry/sms_forwarder.go:159.32,161.15 2 1
qmanager/internal/telemetry/sms_forwarder.go:161.15,164.3 2 1
qmanager/internal/telemetry/sms_forwarder.go:165.2,169.13 4 1
qmanager/internal/telemetry/sms_forwarder.go:173.31,176.16 3 1
qmanager/internal/telemetry/sms_forwarder.go:176.16,178.3 1 1
qmanager/internal/telemetry/sms_forwarder.go:179.2,180.17 2 1
qmanager/internal/telemetry/sms_forwarder.go:183.31,186.16 2 1
qmanager/internal/telemetry/sms_forwarder.go:186.16,188.3 1 0
qmanager/internal/telemetry/sms_forwarder.go:190.2,193.6 3 1
qmanager/internal/telemetry/sms_forwarder.go:193.6,194.10 1 1
qmanager/internal/telemetry/sms_forwarder.go:195.19,196.10 1 1
qmanager/internal/telemetry/sms_forwarder.go:197.19,198.21 1 0
qmanager/internal/telemetry/sms_forwarder.go:203.46,206.2 2 1
qmanager/internal/telemetry/sms_forwarder.go:208.38,210.16 2 1
qmanager/internal/telemetry/sms_forwarder.go:210.16,212.3 1 0
qmanager/internal/telemetry/sms_forwarder.go:213.2,214.26 2 1
qmanager/internal/telemetry/sms_forwarder.go:214.26,216.14 2 1
qmanager/internal/telemetry/sms_forwarder.go:216.14,218.4 1 1
qmanager/internal/telemetry/sms_forwarder.go:222.53,225.16 3 1
qmanager/internal/telemetry/sms_forwarder.go:225.16,228.3 2 1
qmanager/internal/telemetry/sms_forwarder.go:231.59,233.16 2 1
qmanager/internal/telemetry/sms_forwarder.go:233.16,235.3 1 0
qmanager/internal/telemetry/sms_forwarder.go:236.2,237.51 2 1
qmanager/internal/telemetry/sms_forwarder.go:237.51,239.3 1 0
qmanager/internal/telemetry/sms_forwarder.go:240.2,240.12 1 1
qmanager/internal/telemetry/sms_forwarder.go:243.48,245.31 2 1
qmanager/internal/telemetry/sms_forwarder.go:245.31,247.3 1 0
qmanager/internal/telemetry/sms_forwarder.go:249.2,253.16 4 1
qmanager/internal/telemetry/sms_forwarder.go:253.16,255.3 1 0
qmanager/internal/telemetry/sms_forwarder.go:257.2,257.31 1 1
qmanager/internal/telemetry/sms_forwarder.go:257.31,259.20 2 1
qmanager/internal/telemetry/sms_forwarder.go:259.20,260.12 1 1
qmanager/internal/telemetry/sms_forwarder.go:263.3,263.15 1 1
qmanager/internal/telemetry/sms_forwarder.go:263.15,265.12 2 1
qmanager/internal/telemetry/sms_forwarder.go:269.3,269.34 1 1
qmanager/internal/telemetry/sms_forwarder.go:269.34,271.12 2 0
qmanager/internal/telemetry/sms_forwarder.go:275.3,275.87 1 1
qmanager/internal/telemetry/sms_forwarder.go:275.87,277.12 2 0
qmanager/internal/telemetry/sms_forwarder.go:280.3,284.68 3 1
qmanager/internal/telemetry/sms_forwarder.go:284.68,286.73 2 1
qmanager/internal/telemetry/sms_forwarder.go:286.73,289.5 2 0
qmanager/internal/telemetry/sms_forwarder.go:293.3,293.49 1 1
qmanager/internal/telemetry/sms_forwarder.go:293.49,294.61 1 0
qmanager/internal/telemetry/sms_forwarder.go:294.61,297.5 2 0
qmanager/internal/telemetry/sms_forwarder.go:301.3,301.49 1 1
qmanager/internal/telemetry/sms_forwarder.go:301.49,302.66 1 1
qmanager/internal/telemetry/sms_forwarder.go:302.66,305.5 2 0
qmanager/internal/telemetry/sms_forwarder.go:309.3,309.25 1 1
qmanager/internal/telemetry/sms_forwarder.go:309.25,311.33 2 1
qmanager/internal/telemetry/sms_forwarder.go:311.33,313.5 1 1
qmanager/internal/telemetry/sms_forwarder.go:316.3,318.42 2 1
qmanager/internal/telemetry/sms_forwarder.go:318.42,320.4 1 0
qmanager/internal/telemetry/sms_forwarder.go:324.97,326.31 2 1
qmanager/internal/telemetry/sms_forwarder.go:326.31,330.3 3 1
qmanager/internal/telemetry/sms_forwarder.go:332.2,332.25 1 1
qmanager/internal/telemetry/sms_forwarder.go:333.15,334.60 1 0
qmanager/internal/telemetry/sms_forwarder.go:335.15,336.44 1 0
qmanager/internal/telemetry/sms_forwarder.go:337.17,338.51 1 1
qmanager/internal/telemetry/sms_forwarder.go:342.94,344.44 2 1
qmanager/internal/telemetry/sms_forwarder.go:344.44,345.22 1 1
qmanager/internal/telemetry/sms_forwarder.go:345.22,347.47 2 1
qmanager/internal/telemetry/sms_forwarder.go:347.47,349.51 2 1
qmanager/internal/telemetry/sms_forwarder.go:349.51,352.14 3 1
qmanager/internal/telemetry/sms_forwarder.go:357.3,359.51 2 1
qmanager/internal/telemetry/sms_forwarder.go:359.51,362.18 3 0
qmanager/internal/telemetry/sms_forwarder.go:362.18,364.5 1 0
qmanager/internal/telemetry/sms_forwarder.go:365.4,365.88 1 0
qmanager/internal/telemetry/sms_forwarder.go:366.9,366.29 1 1
qmanager/internal/telemetry/sms_forwarder.go:366.29,370.73 4 1
qmanager/internal/telemetry/sms_forwarder.go:370.73,372.5 1 1
qmanager/internal/telemetry/sms_forwarder.go:373.4,374.18 2 1
qmanager/internal/telemetry/sms_forwarder.go:374.18,376.5 1 0
qmanager/internal/telemetry/sms_forwarder.go:377.4,377.63 1 1
qmanager/internal/telemetry/sms_forwarder.go:380.3,380.30 1 1
qmanager/internal/telemetry/sms_forwarder.go:383.2,383.16 1 1
qmanager/internal/telemetry/sms_forwarder.go:386.36,388.26 2 1
qmanager/internal/telemetry/sms_forwarder.go:388.26,390.70 2 1
qmanager/internal/telemetry/sms_forwarder.go:390.70,392.23 2 1
qmanager/internal/telemetry/sms_forwarder.go:392.23,394.35 2 1
qmanager/internal/telemetry/sms_forwarder.go:394.35,396.6 1 1
qmanager/internal/telemetry/sms_forwarder.go:400.2,400.14 1 1
qmanager/internal/telemetry/sms_forwarder.go:403.71,410.44 6 1
qmanager/internal/telemetry/sms_forwarder.go:410.44,412.3 1 1
qmanager/internal/telemetry/sms_forwarder.go:413.2,413.16 1 0
qmanager/internal/telemetry/sms_forwarder.go:413.16,415.3 1 0
qmanager/internal/telemetry/sms_forwarder.go:416.2,416.16 1 0
qmanager/internal/telemetry/sms_forwarder.go:416.16,418.3 1 0
qmanager/internal/telemetry/sms_forwarder.go:420.2,426.72 5 0
qmanager/internal/telemetry/sms_forwarder.go:429.96,439.16 3 1
qmanager/internal/telemetry/sms_forwarder.go:439.16,441.3 1 0
qmanager/internal/telemetry/sms_forwarder.go:443.2,444.16 2 1
qmanager/internal/telemetry/sms_forwarder.go:444.16,446.3 1 0
qmanager/internal/telemetry/sms_forwarder.go:447.2,451.16 4 1
qmanager/internal/telemetry/sms_forwarder.go:451.16,453.3 1 0
qmanager/internal/telemetry/sms_forwarder.go:454.2,456.28 2 1
qmanager/internal/telemetry/sms_forwarder.go:456.28,458.3 1 1
qmanager/internal/telemetry/sms_forwarder.go:459.2,459.12 1 1
qmanager/internal/telemetry/sms_forwarder.go:462.61,465.16 3 1
qmanager/internal/telemetry/sms_forwarder.go:465.16,467.3 1 0
qmanager/internal/telemetry/sms_forwarder.go:469.2,476.43 3 1
qmanager/internal/telemetry/sms_forwarder.go:476.43,478.3 1 0
qmanager/internal/telemetry/sms_forwarder.go:480.2,481.16 2 1
qmanager/internal/telemetry/sms_forwarder.go:481.16,483.3 1 1
qmanager/internal/telemetry/sms_forwarder.go:484.2,484.74 1 1
qmanager/internal/telemetry/sms_forwarder.go:488.137,489.48 1 1
qmanager/internal/telemetry/sms_forwarder.go:489.48,495.45 5 0
qmanager/internal/telemetry/sms_forwarder.go:495.45,497.4 1 0
qmanager/internal/telemetry/sms_forwarder.go:499.3,500.45 2 0
qmanager/internal/telemetry/sms_forwarder.go:500.45,502.4 1 0
qmanager/internal/telemetry/sms_forwarder.go:504.3,518.9 7 0
qmanager/internal/telemetry/sms_forwarder.go:521.2,521.19 1 1
qmanager/internal/telemetry/sms_forwarder.go:521.19,527.43 5 1
qmanager/internal/telemetry/sms_forwarder.go:527.43,531.18 4 1
qmanager/internal/telemetry/sms_forwarder.go:531.18,534.5 2 1
qmanager/internal/telemetry/sms_forwarder.go:537.3,543.9 2 1
qmanager/internal/telemetry/sms_forwarder.go:546.2,546.77 1 0
qmanager/internal/telemetry/sms_forwarder.go:550.95,553.16 3 1
qmanager/internal/telemetry/sms_forwarder.go:553.16,555.3 1 1
qmanager/internal/telemetry/sms_forwarder.go:556.2,556.46 1 0
qmanager/internal/telemetry/sms_forwarder.go:560.57,563.26 3 1
qmanager/internal/telemetry/sms_forwarder.go:563.26,565.36 2 1
qmanager/internal/telemetry/sms_forwarder.go:565.36,568.4 2 1
qmanager/internal/telemetry/sms_forwarder.go:568.9,568.44 1 1
qmanager/internal/telemetry/sms_forwarder.go:568.44,571.4 2 1
qmanager/internal/telemetry/sms_forwarder.go:573.2,573.13 1 1
qmanager/internal/telemetry/sms_forwarder.go:577.66,580.48 3 1
qmanager/internal/telemetry/sms_forwarder.go:580.48,582.41 2 1
qmanager/internal/telemetry/sms_forwarder.go:582.41,583.12 1 1
qmanager/internal/telemetry/sms_forwarder.go:585.3,586.40 2 1
qmanager/internal/telemetry/sms_forwarder.go:586.40,590.39 4 1
qmanager/internal/telemetry/sms_forwarder.go:590.39,592.5 1 1
qmanager/internal/telemetry/sms_forwarder.go:592.10,592.46 1 1
qmanager/internal/telemetry/sms_forwarder.go:592.46,594.5 1 1
qmanager/internal/telemetry/sms_forwarder.go:597.2,597.15 1 1
qmanager/internal/telemetry/sms_forwarder.go:601.81,611.32 4 1
qmanager/internal/telemetry/sms_forwarder.go:611.32,612.43 1 1
qmanager/internal/telemetry/sms_forwarder.go:612.43,615.4 2 1
qmanager/internal/telemetry/sms_forwarder.go:615.9,617.4 1 1
qmanager/internal/telemetry/sms_forwarder.go:620.2,622.31 2 1
qmanager/internal/telemetry/sms_forwarder.go:622.31,625.20 3 1
qmanager/internal/telemetry/sms_forwarder.go:625.20,627.4 1 0
qmanager/internal/telemetry/sms_forwarder.go:628.3,634.5 1 1
qmanager/internal/telemetry/sms_forwarder.go:637.2,637.40 1 1
qmanager/internal/telemetry/sms_forwarder.go:637.40,638.41 1 1
qmanager/internal/telemetry/sms_forwarder.go:638.41,640.4 1 1
qmanager/internal/telemetry/sms_forwarder.go:641.3,645.30 5 1
qmanager/internal/telemetry/sms_forwarder.go:645.30,648.15 3 1
qmanager/internal/telemetry/sms_forwarder.go:648.15,650.5 1 1
qmanager/internal/telemetry/sms_forwarder.go:651.4,652.16 2 1
qmanager/internal/telemetry/sms_forwarder.go:652.16,654.5 1 1
qmanager/internal/telemetry/sms_forwarder.go:655.4,655.20 1 1
qmanager/internal/telemetry/sms_forwarder.go:655.20,657.5 1 1
qmanager/internal/telemetry/sms_forwarder.go:659.3,665.5 1 1
qmanager/internal/telemetry/sms_forwarder.go:668.2,668.15 1 1
qmanager/internal/telemetry/sms_forwarder.go:671.44,672.16 1 1
qmanager/internal/telemetry/sms_forwarder.go:672.16,674.3 1 1
qmanager/internal/telemetry/sms_forwarder.go:675.2,675.25 1 1
qmanager/internal/telemetry/sms_forwarder.go:676.15,677.23 1 1
qmanager/internal/telemetry/sms_forwarder.go:678.11,679.18 1 1
qmanager/internal/telemetry/sms_forwarder.go:680.14,682.14 2 1
qmanager/internal/telemetry/sms_forwarder.go:682.14,684.4 1 1
qmanager/internal/telemetry/sms_forwarder.go:685.3,686.46 2 1
qmanager/internal/telemetry/sms_forwarder.go:686.46,688.35 2 1
qmanager/internal/telemetry/sms_forwarder.go:688.35,690.22 2 1
qmanager/internal/telemetry/sms_forwarder.go:690.22,693.52 3 1
qmanager/internal/telemetry/sms_forwarder.go:693.52,694.37 1 1
qmanager/internal/telemetry/sms_forwarder.go:694.37,696.8 1 1
qmanager/internal/telemetry/sms_forwarder.go:697.7,697.15 1 1
qmanager/internal/telemetry/sms_forwarder.go:701.4,701.50 1 1
qmanager/internal/telemetry/sms_forwarder.go:701.50,703.5 1 1
qmanager/internal/telemetry/sms_forwarder.go:705.3,705.13 1 1
qmanager/internal/telemetry/sms_forwarder.go:706.21,708.26 2 1
qmanager/internal/telemetry/sms_forwarder.go:708.26,709.35 1 1
qmanager/internal/telemetry/sms_forwarder.go:709.35,711.5 1 1
qmanager/internal/telemetry/sms_forwarder.go:711.10,711.38 1 1
qmanager/internal/telemetry/sms_forwarder.go:711.38,713.5 1 1
qmanager/internal/telemetry/sms_forwarder.go:713.10,713.41 1 1
qmanager/internal/telemetry/sms_forwarder.go:713.41,715.5 1 1
qmanager/internal/telemetry/sms_forwarder.go:717.3,717.13 1 1
qmanager/internal/telemetry/sms_forwarder.go:719.2,719.16 1 0
qmanager/internal/telemetry/sms_forwarder.go:723.61,727.34 3 1
qmanager/internal/telemetry/sms_forwarder.go:727.34,729.41 2 1
qmanager/internal/telemetry/sms_forwarder.go:729.41,730.12 1 1
qmanager/internal/telemetry/sms_forwarder.go:733.3,735.21 3 1
qmanager/internal/telemetry/sms_forwarder.go:735.21,736.12 1 0
qmanager/internal/telemetry/sms_forwarder.go:739.3,742.22 4 1
qmanager/internal/telemetry/sms_forwarder.go:742.22,744.4 1 1
qmanager/internal/telemetry/sms_forwarder.go:746.3,747.23 2 1
qmanager/internal/telemetry/sms_forwarder.go:747.23,750.4 2 1
qmanager/internal/telemetry/sms_forwarder.go:752.3,758.5 1 1
qmanager/internal/telemetry/sms_forwarder.go:761.2,761.13 1 1
qmanager/internal/telemetry/sms_forwarder.go:765.41,766.39 1 1
qmanager/internal/telemetry/sms_forwarder.go:766.39,770.3 3 1
qmanager/internal/telemetry/sms_forwarder.go:773.42,775.67 2 1
qmanager/internal/telemetry/sms_forwarder.go:775.67,781.3 5 0
qmanager/internal/telemetry/sms_forwarder.go:782.2,782.11 1 1
qmanager/internal/telemetry/sms_forwarder.go:786.68,788.17 2 1
qmanager/internal/telemetry/sms_forwarder.go:788.17,790.3 1 1
qmanager/internal/telemetry/sms_forwarder.go:791.2,792.26 2 1
qmanager/internal/telemetry/sms_forwarder.go:792.26,793.25 1 1
qmanager/internal/telemetry/sms_forwarder.go:793.25,795.4 1 1
qmanager/internal/telemetry/sms_forwarder.go:795.9,795.34 1 1
qmanager/internal/telemetry/sms_forwarder.go:795.34,797.4 1 1
qmanager/internal/telemetry/sms_forwarder.go:799.2,800.17 2 1
qmanager/internal/telemetry/sms_forwarder.go:800.17,802.3 1 0
qmanager/internal/telemetry/sms_forwarder.go:804.2,804.35 1 1
qmanager/internal/telemetry/sms_forwarder.go:804.35,806.3 1 1
qmanager/internal/telemetry/sms_forwarder.go:808.2,808.36 1 1
qmanager/internal/telemetry/sms_forwarder.go:808.36,810.3 1 1
qmanager/internal/telemetry/sms_forwarder.go:812.2,812.63 1 1
qmanager/internal/telemetry/sms_forwarder.go:812.63,814.3 1 1
qmanager/internal/telemetry/sms_forwarder.go:816.2,816.14 1 0
qmanager/internal/telemetry/sms_forwarder.go:820.45,822.31 2 1
qmanager/internal/telemetry/sms_forwarder.go:822.31,824.3 1 1
qmanager/internal/telemetry/sms_forwarder.go:825.2,825.17 1 1
qmanager/internal/telemetry/sms_forwarder.go:825.17,827.3 1 1
qmanager/internal/telemetry/sms_forwarder.go:828.2,828.22 1 1
qmanager/internal/telemetry/sms_forwarder.go:828.22,829.25 1 1
qmanager/internal/telemetry/sms_forwarder.go:829.25,831.4 1 1
qmanager/internal/telemetry/sms_forwarder.go:833.2,833.13 1 1
qmanager/internal/telemetry/sms_forwarder.go:837.54,839.2 1 1
qmanager/internal/telemetry/sms_forwarder.go:842.42,843.42 1 1
qmanager/internal/telemetry/sms_forwarder.go:843.42,845.3 1 1
qmanager/internal/telemetry/sms_forwarder.go:846.2,847.19 2 1
qmanager/internal/telemetry/sms_forwarder.go:847.19,849.3 1 1
qmanager/internal/telemetry/sms_forwarder.go:850.2,852.27 3 1
qmanager/internal/telemetry/sms_forwarder.go:852.27,854.3 1 0
qmanager/internal/telemetry/sms_forwarder.go:855.2,855.32 1 1
qmanager/internal/telemetry/sms_forwarder.go:855.32,856.25 1 1
qmanager/internal/telemetry/sms_forwarder.go:856.25,858.4 1 0
qmanager/internal/telemetry/sms_forwarder.go:860.2,860.13 1 1
qmanager/internal/telemetry/sms_forwarder.go:864.73,867.30 3 1
qmanager/internal/telemetry/sms_forwarder.go:867.30,869.3 1 1
qmanager/internal/telemetry/sms_forwarder.go:870.2,870.29 1 1
qmanager/internal/telemetry/sms_forwarder.go:874.56,876.18 2 1
qmanager/internal/telemetry/sms_forwarder.go:876.18,878.3 1 1
qmanager/internal/telemetry/sms_forwarder.go:880.2,883.30 3 1
qmanager/internal/telemetry/sms_forwarder.go:883.30,885.15 2 1
qmanager/internal/telemetry/sms_forwarder.go:885.15,886.12 1 0
qmanager/internal/telemetry/sms_forwarder.go:888.3,888.38 1 1
qmanager/internal/telemetry/sms_forwarder.go:888.38,890.92 2 1
qmanager/internal/telemetry/sms_forwarder.go:890.92,892.5 1 1
qmanager/internal/telemetry/sms_forwarder.go:893.9,894.42 1 1
qmanager/internal/telemetry/sms_forwarder.go:894.42,896.5 1 1
qmanager/internal/telemetry/sms_forwarder.go:900.2,900.14 1 1
qmanager/internal/telemetry/sms_forwarder.go:904.93,906.26 2 1
qmanager/internal/telemetry/sms_forwarder.go:906.26,907.17 1 1
qmanager/internal/telemetry/sms_forwarder.go:907.17,908.12 1 1
qmanager/internal/telemetry/sms_forwarder.go:911.3,912.26 2 1
qmanager/internal/telemetry/sms_forwarder.go:912.26,915.20 2 1
qmanager/internal/telemetry/sms_forwarder.go:915.20,916.100 1 1
qmanager/internal/telemetry/sms_forwarder.go:916.100,918.6 1 1
qmanager/internal/telemetry/sms_forwarder.go:922.3,923.27 2 1
qmanager/internal/telemetry/sms_forwarder.go:923.27,925.4 1 1
qmanager/internal/telemetry/sms_forwarder.go:927.3,927.34 1 1
qmanager/internal/telemetry/sms_forwarder.go:927.34,929.4 1 1
qmanager/internal/telemetry/sms_forwarder.go:931.2,931.16 1 1
qmanager/internal/telemetry/watchdog.go:59.94,68.47 2 1
qmanager/internal/telemetry/watchdog.go:68.47,71.4 2 0
qmanager/internal/telemetry/watchdog.go:72.55,75.4 2 0
qmanager/internal/telemetry/watchdog.go:76.36,78.4 1 0
qmanager/internal/telemetry/watchdog.go:79.33,81.4 1 1
qmanager/internal/telemetry/watchdog.go:82.33,84.18 2 1
qmanager/internal/telemetry/watchdog.go:84.18,86.5 1 1
qmanager/internal/telemetry/watchdog.go:87.4,87.13 1 0
qmanager/internal/telemetry/watchdog.go:89.32,90.21 1 1
qmanager/internal/telemetry/watchdog.go:90.21,92.5 1 0
qmanager/internal/telemetry/watchdog.go:93.4,93.37 1 1
qmanager/internal/telemetry/watchdog.go:96.2,96.10 1 1
qmanager/internal/telemetry/watchdog.go:100.55,103.28 3 1
qmanager/internal/telemetry/watchdog.go:103.28,105.3 1 1
qmanager/internal/telemetry/watchdog.go:106.2,106.36 1 1
qmanager/internal/telemetry/watchdog.go:106.36,108.3 1 0
qmanager/internal/telemetry/watchdog.go:109.2,109.27 1 1
qmanager/internal/telemetry/watchdog.go:109.27,111.3 1 1
qmanager/internal/telemetry/watchdog.go:112.2,112.29 1 1
qmanager/internal/telemetry/watchdog.go:112.29,114.3 1 1
qmanager/internal/telemetry/watchdog.go:115.2,115.31 1 1
qmanager/internal/telemetry/watchdog.go:115.31,117.3 1 0
qmanager/internal/telemetry/watchdog.go:118.2,118.27 1 1
qmanager/internal/telemetry/watchdog.go:118.27,120.3 1 1
qmanager/internal/telemetry/watchdog.go:124.28,126.15 2 1
qmanager/internal/telemetry/watchdog.go:126.15,129.3 2 1
qmanager/internal/telemetry/watchdog.go:130.2,134.13 4 1
qmanager/internal/telemetry/watchdog.go:138.27,140.16 2 1
qmanager/internal/telemetry/watchdog.go:140.16,143.3 2 1
qmanager/internal/telemetry/watchdog.go:144.2,146.15 3 1
qmanager/internal/telemetry/watchdog.go:150.32,155.22 4 1
qmanager/internal/telemetry/watchdog.go:155.22,159.3 3 1
qmanager/internal/telemetry/watchdog.go:161.2,162.21 2 1
qmanager/internal/telemetry/watchdog.go:162.21,165.3 2 1
qmanager/internal/telemetry/watchdog.go:168.2,168.62 1 1
qmanager/internal/telemetry/watchdog.go:168.62,170.21 2 1
qmanager/internal/telemetry/watchdog.go:170.21,175.4 3 1
qmanager/internal/telemetry/watchdog.go:176.3,176.9 1 1
qmanager/internal/telemetry/watchdog.go:179.2,180.20 2 1
qmanager/internal/telemetry/watchdog.go:180.20,184.3 3 1
qmanager/internal/telemetry/watchdog.go:186.2,188.20 3 1
qmanager/internal/telemetry/watchdog.go:188.20,190.3 1 0
qmanager/internal/telemetry/watchdog.go:192.2,192.29 1 1
qmanager/internal/telemetry/watchdog.go:192.29,195.3 2 1
qmanager/internal/telemetry/watchdog.go:198.64,201.34 3 1
qmanager/internal/telemetry/watchdog.go:201.34,202.26 1 1
qmanager/internal/telemetry/watchdog.go:202.26,204.4 1 1
qmanager/internal/telemetry/watchdog.go:206.2,207.20 2 1
qmanager/internal/telemetry/watchdog.go:210.69,212.42 1 1
qmanager/internal/telemetry/watchdog.go:212.42,213.28 1 1
qmanager/internal/telemetry/watchdog.go:213.28,215.4 1 1
qmanager/internal/telemetry/watchdog.go:218.2,218.26 1 1
qmanager/internal/telemetry/watchdog.go:218.26,219.28 1 1
qmanager/internal/telemetry/watchdog.go:219.28,221.4 1 1
qmanager/internal/telemetry/watchdog.go:223.2,223.10 1 0
qmanager/internal/telemetry/watchdog.go:226.62,227.14 1 1
qmanager/internal/telemetry/watchdog.go:228.9,229.31 1 1
qmanager/internal/telemetry/watchdog.go:230.9,231.31 1 1
qmanager/internal/telemetry/watchdog.go:232.9,233.31 1 1
qmanager/internal/telemetry/watchdog.go:234.9,235.31 1 1
qmanager/internal/telemetry/watchdog.go:236.10,237.15 1 0
qmanager/internal/telemetry/watchdog.go:241.87,243.19 2 1
qmanager/internal/telemetry/watchdog.go:243.19,246.3 2 0
qmanager/internal/telemetry/watchdog.go:248.2,252.22 4 1
qmanager/internal/telemetry/watchdog.go:252.22,254.3 1 0
qmanager/internal/telemetry/watchdog.go:255.2,260.18 4 1
qmanager/internal/telemetry/watchdog.go:261.9,264.22 2 1
qmanager/internal/telemetry/watchdog.go:264.22,268.4 3 1
qmanager/internal/telemetry/watchdog.go:269.3,274.5 1 1
qmanager/internal/telemetry/watchdog.go:276.9,279.22 2 1
qmanager/internal/telemetry/watchdog.go:279.22,283.4 3 1
qmanager/internal/telemetry/watchdog.go:284.3,289.5 1 1
qmanager/internal/telemetry/watchdog.go:291.9,294.17 2 1
qmanager/internal/telemetry/watchdog.go:294.17,296.4 1 0
qmanager/internal/telemetry/watchdog.go:297.3,298.22 2 1
qmanager/internal/telemetry/watchdog.go:298.22,304.4 5 1
qmanager/internal/telemetry/watchdog.go:305.3,306.47 2 1
qmanager/internal/telemetry/watchdog.go:306.47,308.4 1 1
qmanager/internal/telemetry/watchdog.go:309.3,314.5 1 1
qmanager/internal/telemetry/watchdog.go:316.9,320.17 3 1
qmanager/internal/telemetry/watchdog.go:320.17,322.4 1 0
qmanager/internal/telemetry/watchdog.go:324.3,324.23 1 1
qmanager/internal/telemetry/watchdog.go:324.23,333.4 3 1
qmanager/internal/telemetry/watchdog.go:335.3,343.35 4 1
qmanager/internal/telemetry/watchdog.go:343.35,345.4 1 1
qmanager/internal/telemetry/watchdog.go:350.47,356.16 5 1
qmanager/internal/telemetry/watchdog.go:356.16,358.3 1 0
qmanager/internal/telemetry/watchdog.go:360.2,364.22 4 1
qmanager/internal/telemetry/watchdog.go:364.22,366.3 1 1
qmanager/internal/telemetry/watchdog.go:366.8,366.69 1 1
qmanager/internal/telemetry/watchdog.go:366.69,368.3 1 1
qmanager/internal/telemetry/watchdog.go:368.8,368.27 1 1
qmanager/internal/telemetry/watchdog.go:368.27,370.3 1 0
qmanager/internal/telemetry/watchdog.go:372.2,373.28 2 1
qmanager/internal/telemetry/watchdog.go:373.28,376.21 3 0
qmanager/internal/telemetry/watchdog.go:376.21,378.4 1 0
qmanager/internal/telemetry/watchdog.go:381.2,391.3 1 1
qmanager/internal/telemetry/watchdog.go:395.38,399.2 3 1
qmanager/internal/telemetry/watchdog.go:402.41,406.2 3 1
qmanager/internal/telemetry/watchdog.go:408.27,411.27 3 1
qmanager/internal/telemetry/watchdog.go:411.27,413.3 1 1
qmanager/internal/telemetry/watchdog.go:414.2,417.6 3 1
qmanager/internal/telemetry/watchdog.go:417.6,418.10 1 1
qmanager/internal/telemetry/watchdog.go:419.19,420.10 1 1
qmanager/internal/telemetry/watchdog.go:421.19,422.17 1 0
qmanager/internal/api/handlers/alerts_handler.go:19.40,52.2 1 1
qmanager/internal/api/handlers/alerts_handler.go:55.78,59.32 3 1
qmanager/internal/api/handlers/alerts_handler.go:59.32,89.3 2 1
qmanager/internal/api/handlers/alerts_handler.go:91.2,91.33 1 1
qmanager/internal/api/handlers/alerts_handler.go:91.33,100.66 2 1
qmanager/internal/api/handlers/alerts_handler.go:100.66,103.4 2 0
qmanager/internal/api/handlers/alerts_handler.go:105.3,105.25 1 1
qmanager/internal/api/handlers/alerts_handler.go:105.25,106.34 1 1
qmanager/internal/api/handlers/alerts_handler.go:106.34,108.5 1 1
qmanager/internal/api/handlers/alerts_handler.go:110.3,110.27 1 1
qmanager/internal/api/handlers/alerts_handler.go:110.27,111.36 1 1
qmanager/internal/api/handlers/alerts_handler.go:111.36,113.5 1 1
qmanager/internal/api/handlers/alerts_handler.go:115.3,115.29 1 1
qmanager/internal/api/handlers/alerts_handler.go:115.29,116.38 1 0
qmanager/internal/api/handlers/alerts_handler.go:116.38,118.5 1 0
qmanager/internal/api/handlers/alerts_handler.go:120.3,120.29 1 1
qmanager/internal/api/handlers/alerts_handler.go:120.29,122.4 1 0
qmanager/internal/api/handlers/alerts_handler.go:124.3,124.95 1 1
qmanager/internal/api/handlers/auth.go:21.58,22.27 1 1
qmanager/internal/api/handlers/auth.go:22.27,24.3 1 0
qmanager/internal/api/handlers/auth.go:25.2,29.3 1 1
qmanager/internal/api/handlers/auth.go:37.69,39.61 2 1
qmanager/internal/api/handlers/auth.go:39.61,42.3 2 1
qmanager/internal/api/handlers/auth.go:44.2,48.14 4 1
qmanager/internal/api/handlers/auth.go:48.14,51.3 2 1
qmanager/internal/api/handlers/auth.go:53.2,74.4 8 1
qmanager/internal/api/handlers/auth.go:78.69,80.44 2 1
qmanager/internal/api/handlers/auth.go:80.44,83.3 2 1
qmanager/internal/api/handlers/auth.go:85.2,88.4 1 1
qmanager/internal/api/handlers/auth.go:92.70,94.17 2 1
qmanager/internal/api/handlers/auth.go:94.17,98.3 3 1
qmanager/internal/api/handlers/auth.go:100.2,108.69 2 1
qmanager/internal/api/handlers/auth.go:112.56,114.2 1 1
qmanager/internal/api/handlers/auth.go:116.56,121.9 4 1
qmanager/internal/api/handlers/auth.go:121.9,123.3 1 1
qmanager/internal/api/handlers/auth.go:124.2,124.31 1 1
qmanager/internal/api/handlers/auth.go:127.60,128.55 1 1
qmanager/internal/api/handlers/auth.go:128.55,129.45 1 1
qmanager/internal/api/handlers/auth.go:129.45,131.4 1 1
qmanager/internal/api/handlers/auth.go:133.2,133.58 1 1
qmanager/internal/api/handlers/auth.go:133.58,135.3 1 1
qmanager/internal/api/handlers/auth.go:136.2,136.11 1 0
qmanager/internal/api/handlers/band_failover.go:19.52,26.2 1 1
qmanager/internal/api/handlers/band_failover.go:29.78,39.2 3 1
qmanager/internal/api/handlers/band_failover.go:42.78,51.28 5 1
qmanager/internal/api/handlers/band_failover.go:51.28,53.3 1 1
qmanager/internal/api/handlers/band_failover.go:53.8,55.3 1 0
qmanager/internal/api/handlers/band_failover.go:57.2,60.4 1 1
qmanager/internal/api/handlers/cell_scanner.go:48.73,52.2 1 1
qmanager/internal/api/handlers/cell_scanner.go:55.80,57.16 2 1
qmanager/internal/api/handlers/cell_scanner.go:57.16,61.3 3 0
qmanager/internal/api/handlers/cell_scanner.go:62.2,72.12 7 1
qmanager/internal/api/handlers/cell_scanner.go:72.12,73.16 1 1
qmanager/internal/api/handlers/cell_scanner.go:73.16,79.4 5 1
qmanager/internal/api/handlers/cell_scanner.go:82.3,83.58 2 1
qmanager/internal/api/handlers/cell_scanner.go:83.58,85.18 2 0
qmanager/internal/api/handlers/cell_scanner.go:85.18,87.5 1 0
qmanager/internal/api/handlers/cell_scanner.go:88.4,89.10 2 0
qmanager/internal/api/handlers/cell_scanner.go:92.3,94.17 3 1
qmanager/internal/api/handlers/cell_scanner.go:94.17,96.4 1 1
qmanager/internal/api/handlers/cell_scanner.go:99.2,102.4 1 1
qmanager/internal/api/handlers/cell_scanner.go:106.81,111.13 4 1
qmanager/internal/api/handlers/cell_scanner.go:111.13,116.3 2 0
qmanager/internal/api/handlers/cell_scanner.go:118.2,118.84 1 1
qmanager/internal/api/handlers/cell_scanner.go:118.84,124.3 2 0
qmanager/internal/api/handlers/cell_scanner.go:126.2,126.65 1 1
qmanager/internal/api/handlers/cell_scanner.go:126.65,128.57 2 1
qmanager/internal/api/handlers/cell_scanner.go:128.57,135.4 2 1
qmanager/internal/api/handlers/cell_scanner.go:138.2,140.4 1 0
qmanager/internal/api/handlers/cell_scanner.go:147.50,152.26 4 1
qmanager/internal/api/handlers/cell_scanner.go:152.26,154.39 2 1
qmanager/internal/api/handlers/cell_scanner.go:154.39,155.12 1 1
qmanager/internal/api/handlers/cell_scanner.go:158.3,160.22 3 1
qmanager/internal/api/handlers/cell_scanner.go:160.22,161.12 1 0
qmanager/internal/api/handlers/cell_scanner.go:164.3,172.70 8 1
qmanager/internal/api/handlers/cell_scanner.go:172.70,174.4 1 1
qmanager/internal/api/handlers/cell_scanner.go:176.3,182.23 6 1
qmanager/internal/api/handlers/cell_scanner.go:182.23,183.74 1 1
qmanager/internal/api/handlers/cell_scanner.go:183.74,185.5 1 1
qmanager/internal/api/handlers/cell_scanner.go:188.3,206.8 3 1
qmanager/internal/api/handlers/cell_scanner.go:209.2,209.14 1 1
qmanager/internal/api/handlers/cellular.go:20.90,25.2 1 1
qmanager/internal/api/handlers/cellular.go:28.74,31.2 2 1
qmanager/internal/api/handlers/cellular.go:38.79,40.82 2 1
qmanager/internal/api/handlers/cellular.go:40.82,43.3 2 1
qmanager/internal/api/handlers/cellular.go:45.2,46.16 2 1
qmanager/internal/api/handlers/cellular.go:46.16,54.3 2 0
qmanager/internal/api/handlers/cellular.go:56.2,60.4 1 1
qmanager/internal/api/handlers/cellular.go:64.76,66.16 2 1
qmanager/internal/api/handlers/cellular.go:66.16,69.3 2 0
qmanager/internal/api/handlers/cellular.go:71.2,73.4 1 1
qmanager/internal/api/handlers/cellular.go:82.77,84.61 2 1
qmanager/internal/api/handlers/cellular.go:84.61,87.3 2 0
qmanager/internal/api/handlers/cellular.go:89.2,90.27 2 1
qmanager/internal/api/handlers/cellular.go:90.27,93.3 2 1
qmanager/internal/api/handlers/cellular.go:94.2,94.26 1 1
qmanager/internal/api/handlers/cellular.go:94.26,97.3 2 1
qmanager/internal/api/handlers/cellular.go:99.2,99.27 1 1
qmanager/internal/api/handlers/cellular.go:99.27,100.47 1 1
qmanager/internal/api/handlers/cellular.go:100.47,103.4 2 0
qmanager/internal/api/handlers/cellular.go:106.2,106.72 1 1
qmanager/internal/api/handlers/cellular.go:110.77,119.61 3 1
qmanager/internal/api/handlers/cellular.go:119.61,122.3 2 1
qmanager/internal/api/handlers/cellular.go:124.2,125.22 2 1
qmanager/internal/api/handlers/cellular.go:125.22,127.15 2 1
qmanager/internal/api/handlers/cellular.go:127.15,129.4 1 0
qmanager/internal/api/handlers/cellular.go:130.3,130.86 1 1
qmanager/internal/api/handlers/cellular.go:131.8,133.3 1 1
qmanager/internal/api/handlers/cellular.go:135.2,135.48 1 1
qmanager/internal/api/handlers/cellular.go:135.48,138.3 2 1
qmanager/internal/api/handlers/cellular.go:140.2,140.71 1 1
qmanager/internal/api/handlers/cellular.go:144.79,151.25 2 1
qmanager/internal/api/handlers/cellular.go:151.25,153.3 1 1
qmanager/internal/api/handlers/cellular.go:155.2,155.65 1 1
qmanager/internal/api/handlers/cellular_apn.go:60.100,65.2 1 1
qmanager/internal/api/handlers/cellular_apn.go:68.77,72.16 3 1
qmanager/internal/api/handlers/cellular_apn.go:72.16,74.3 1 1
qmanager/internal/api/handlers/cellular_apn.go:77.2,91.45 9 1
qmanager/internal/api/handlers/cellular_apn.go:91.45,98.23 6 1
qmanager/internal/api/handlers/cellular_apn.go:98.23,100.4 1 1
qmanager/internal/api/handlers/cellular_apn.go:102.3,121.5 3 1
qmanager/internal/api/handlers/cellular_apn.go:124.2,125.22 2 1
qmanager/internal/api/handlers/cellular_apn.go:125.22,127.3 1 0
qmanager/internal/api/handlers/cellular_apn.go:129.2,143.30 2 1
qmanager/internal/api/handlers/cellular_apn.go:161.78,163.65 2 1
qmanager/internal/api/handlers/cellular_apn.go:163.65,166.3 2 1
qmanager/internal/api/handlers/cellular_apn.go:168.2,168.24 1 1
qmanager/internal/api/handlers/cellular_apn.go:169.20,170.24 1 1
qmanager/internal/api/handlers/cellular_apn.go:171.16,172.29 1 1
qmanager/internal/api/handlers/cellular_apn.go:173.14,174.27 1 1
qmanager/internal/api/handlers/cellular_apn.go:175.10,176.52 1 0
qmanager/internal/api/handlers/cellular_apn.go:180.70,182.25 2 1
qmanager/internal/api/handlers/cellular_apn.go:182.25,188.3 2 0
qmanager/internal/api/handlers/cellular_apn.go:190.2,191.37 2 1
qmanager/internal/api/handlers/cellular_apn.go:191.37,193.3 1 0
qmanager/internal/api/handlers/cellular_apn.go:194.2,195.17 2 1
qmanager/internal/api/handlers/cellular_apn.go:195.17,197.3 1 0
qmanager/internal/api/handlers/cellular_apn.go:200.2,201.16 2 1
qmanager/internal/api/handlers/cellular_apn.go:201.16,204.3 2 0
qmanager/internal/api/handlers/cellular_apn.go:206.2,213.4 4 1
qmanager/internal/api/handlers/cellular_apn.go:216.84,218.37 2 1
qmanager/internal/api/handlers/cellular_apn.go:218.37,221.3 2 0
qmanager/internal/api/handlers/cellular_apn.go:222.2,222.22 1 1
qmanager/internal/api/handlers/cellular_apn.go:222.22,225.3 2 0
qmanager/internal/api/handlers/cellular_apn.go:227.2,228.16 2 1
qmanager/internal/api/handlers/cellular_apn.go:228.16,230.3 1 1
qmanager/internal/api/handlers/cellular_apn.go:232.2,233.46 2 1
qmanager/internal/api/handlers/cellular_apn.go:233.46,236.3 2 0
qmanager/internal/api/handlers/cellular_apn.go:238.2,238.71 1 1
qmanager/internal/api/handlers/cellular_apn.go:241.82,243.37 2 1
qmanager/internal/api/handlers/cellular_apn.go:243.37,245.3 1 1
qmanager/internal/api/handlers/cellular_apn.go:248.2,251.18 3 1
qmanager/internal/api/handlers/cellular_apn.go:251.18,253.3 1 1
qmanager/internal/api/handlers/cellular_apn.go:254.2,254.15 1 1
qmanager/internal/api/handlers/cellular_apn.go:254.15,257.3 2 0
qmanager/internal/api/handlers/cellular_apn.go:258.2,258.33 1 1
qmanager/internal/api/handlers/cellular_apn.go:258.33,261.3 2 1
qmanager/internal/api/handlers/cellular_apn.go:263.2,264.42 2 1
qmanager/internal/api/handlers/cellular_apn.go:264.42,266.3 1 1
qmanager/internal/api/handlers/cellular_apn.go:267.2,268.17 2 1
qmanager/internal/api/handlers/cellular_apn.go:268.17,271.3 2 1
qmanager/internal/api/handlers/cellular_apn.go:273.2,273.18 1 1
qmanager/internal/api/handlers/cellular_apn.go:273.18,275.37 1 0
qmanager/internal/api/handlers/cellular_apn.go:275.37,279.4 3 0
qmanager/internal/api/handlers/cellular_apn.go:280.3,280.24 1 0
qmanager/internal/api/handlers/cellular_apn.go:280.24,283.25 3 0
qmanager/internal/api/handlers/cellular_apn.go:283.25,285.5 1 0
qmanager/internal/api/handlers/cellular_apn.go:286.4,287.25 2 0
qmanager/internal/api/handlers/cellular_apn.go:287.25,289.5 1 0
qmanager/internal/api/handlers/cellular_apn.go:290.4,291.35 2 0
qmanager/internal/api/handlers/cellular_apn.go:296.2,297.16 2 1
qmanager/internal/api/handlers/cellular_apn.go:297.16,300.3 2 0
qmanager/internal/api/handlers/cellular_apn.go:303.2,314.4 3 1
qmanager/internal/api/handlers/cellular_apn.go:318.103,322.52 3 1
qmanager/internal/api/handlers/cellular_apn.go:322.52,324.3 1 0
qmanager/internal/api/handlers/cellular_apn.go:327.2,331.52 3 1
qmanager/internal/api/handlers/cellular_apn.go:331.52,333.3 1 0
qmanager/internal/api/handlers/cellular_apn.go:335.2,339.44 3 1
qmanager/internal/api/handlers/cellular_apn.go:339.44,341.52 2 1
qmanager/internal/api/handlers/cellular_apn.go:341.52,343.9 2 1
qmanager/internal/api/handlers/cellular_apn.go:345.3,345.30 1 0
qmanager/internal/api/handlers/cellular_apn.go:347.2,347.15 1 1
qmanager/internal/api/handlers/cellular_apn.go:347.15,349.3 1 0
qmanager/internal/api/handlers/cellular_apn.go:351.2,351.29 1 1
qmanager/internal/api/handlers/cellular_apn.go:351.29,353.3 1 1
qmanager/internal/api/handlers/cellular_apn.go:356.2,357.44 2 1
qmanager/internal/api/handlers/cellular_apn.go:357.44,360.17 3 1
qmanager/internal/api/handlers/cellular_apn.go:360.17,362.27 2 1
qmanager/internal/api/handlers/cellular_apn.go:362.27,363.10 1 0
qmanager/internal/api/handlers/cellular_apn.go:368.2,368.67 1 1
qmanager/internal/api/handlers/cellular_apn.go:368.67,371.3 1 0
qmanager/internal/api/handlers/cellular_apn.go:373.2,373.12 1 1
qmanager/internal/api/handlers/cellular_apn.go:378.43,379.16 1 1
qmanager/internal/api/handlers/cellular_apn.go:379.16,380.33 1 1
qmanager/internal/api/handlers/cellular_apn.go:380.33,382.4 1 1
qmanager/internal/api/handlers/cellular_apn.go:383.3,383.32 1 1
qmanager/internal/api/handlers/cellular_apn.go:383.32,384.45 1 1
qmanager/internal/api/handlers/cellular_apn.go:384.45,386.5 1 1
qmanager/internal/api/handlers/cellular_apn.go:389.2,389.18 1 1
qmanager/internal/api/handlers/cellular_apn.go:389.18,390.37 1 1
qmanager/internal/api/handlers/cellular_apn.go:390.37,392.4 1 1
qmanager/internal/api/handlers/cellular_apn.go:393.3,393.34 1 1
qmanager/internal/api/handlers/cellular_apn.go:393.34,394.45 1 1
qmanager/internal/api/handlers/cellular_apn.go:394.45,396.5 1 1
qmanager/internal/api/handlers/cellular_apn.go:399.2,399.10 1 1
qmanager/internal/api/handlers/cellular_apn.go:402.39,403.30 1 1
qmanager/internal/api/handlers/cellular_apn.go:404.12,405.16 1 1
qmanager/internal/api/handlers/cellular_apn.go:406.14,407.16 1 1
qmanager/internal/api/handlers/cellular_apn.go:408.10,409.18 1 1
qmanager/internal/api/handlers/cellular_apn.go:413.33,414.30 1 1
qmanager/internal/api/handlers/cellular_apn.go:415.14,416.14 1 1
qmanager/internal/api/handlers/cellular_apn.go:417.14,418.16 1 1
qmanager/internal/api/handlers/cellular_apn.go:419.16,420.18 1 1
qmanager/internal/api/handlers/cellular_apn.go:421.10,422.12 1 1
qmanager/internal/api/handlers/cellular_apn.go:426.38,427.30 1 1
qmanager/internal/api/handlers/cellular_apn.go:428.14,429.13 1 1
qmanager/internal/api/handlers/cellular_apn.go:430.14,431.13 1 1
qmanager/internal/api/handlers/cellular_apn.go:432.10,433.13 1 1
qmanager/internal/api/handlers/cellular_apn.go:437.35,438.31 1 1
qmanager/internal/api/handlers/cellular_apn.go:439.13,440.13 1 1
qmanager/internal/api/handlers/cellular_apn.go:441.14,442.13 1 1
qmanager/internal/api/handlers/cellular_apn.go:443.10,444.13 1 1
qmanager/internal/api/handlers/cellular_apn.go:448.41,449.30 1 1
qmanager/internal/api/handlers/cellular_apn.go:450.13,451.15 1 1
qmanager/internal/api/handlers/cellular_apn.go:452.13,453.21 1 1
qmanager/internal/api/handlers/cellular_apn.go:454.10,455.12 1 1
qmanager/internal/api/handlers/cellular_apn.go:459.75,461.26 2 1
qmanager/internal/api/handlers/cellular_apn.go:461.26,463.35 2 1
qmanager/internal/api/handlers/cellular_apn.go:463.35,465.23 2 1
qmanager/internal/api/handlers/cellular_apn.go:465.23,467.5 1 1
qmanager/internal/api/handlers/cellular_apn.go:468.4,468.23 1 1
qmanager/internal/api/handlers/cellular_apn.go:468.23,470.5 1 1
qmanager/internal/api/handlers/cellular_apn.go:471.4,471.10 1 1
qmanager/internal/api/handlers/cellular_apn.go:474.2,474.15 1 1
qmanager/internal/api/handlers/cellular_apn.go:477.55,479.26 2 1
qmanager/internal/api/handlers/cellular_apn.go:479.26,481.35 2 1
qmanager/internal/api/handlers/cellular_apn.go:481.35,483.23 2 1
qmanager/internal/api/handlers/cellular_apn.go:483.23,485.18 2 1
qmanager/internal/api/handlers/cellular_apn.go:485.18,487.6 1 1
qmanager/internal/api/handlers/cellular_apn.go:489.4,489.12 1 1
qmanager/internal/api/handlers/cellular_apn.go:492.3,492.38 1 1
qmanager/internal/api/handlers/cellular_apn.go:492.38,495.23 3 1
qmanager/internal/api/handlers/cellular_apn.go:495.23,498.33 3 1
qmanager/internal/api/handlers/cellular_apn.go:498.33,500.6 1 0
qmanager/internal/api/handlers/cellular_apn.go:504.2,504.10 1 1
qmanager/internal/api/handlers/cellular_apn.go:507.50,510.26 2 1
qmanager/internal/api/handlers/cellular_apn.go:510.26,512.42 2 1
qmanager/internal/api/handlers/cellular_apn.go:512.42,515.22 3 1
qmanager/internal/api/handlers/cellular_apn.go:515.22,517.64 2 1
qmanager/internal/api/handlers/cellular_apn.go:517.64,519.6 1 1
qmanager/internal/api/handlers/cellular_apn.go:523.2,523.10 1 1
qmanager/internal/api/handlers/cellular_apn.go:526.65,528.26 2 1
qmanager/internal/api/handlers/cellular_apn.go:528.26,530.42 2 1
qmanager/internal/api/handlers/cellular_apn.go:530.42,533.23 3 1
qmanager/internal/api/handlers/cellular_apn.go:533.23,536.39 3 1
qmanager/internal/api/handlers/cellular_apn.go:536.39,538.6 1 1
qmanager/internal/api/handlers/cellular_apn.go:542.2,542.11 1 1
qmanager/internal/api/handlers/cellular_apn.go:545.34,547.16 2 1
qmanager/internal/api/handlers/cellular_apn.go:547.16,549.3 1 0
qmanager/internal/api/handlers/cellular_apn.go:550.2,551.49 2 1
qmanager/internal/api/handlers/cellular_apn.go:551.49,553.3 1 0
qmanager/internal/api/handlers/cellular_apn.go:554.2,554.16 1 1
qmanager/internal/api/handlers/cellular_apn.go:554.16,556.3 1 0
qmanager/internal/api/handlers/cellular_apn.go:557.2,557.21 1 1
qmanager/internal/api/handlers/cellular_apn.go:557.21,559.3 1 0
qmanager/internal/api/handlers/cellular_apn.go:560.2,560.10 1 1
qmanager/internal/api/handlers/cellular_apn.go:563.42,566.16 3 1
qmanager/internal/api/handlers/cellular_apn.go:566.16,568.3 1 0
qmanager/internal/api/handlers/cellular_apn.go:569.2,569.49 1 1
qmanager/internal/api/handlers/cellular_apn.go:572.39,574.16 2 1
qmanager/internal/api/handlers/cellular_apn.go:574.16,576.3 1 0
qmanager/internal/api/handlers/cellular_apn.go:577.2,578.49 2 1
qmanager/internal/api/handlers/cellular_apn.go:578.49,580.3 1 0
qmanager/internal/api/handlers/cellular_apn.go:581.2,581.10 1 1
qmanager/internal/api/handlers/cellular_apn.go:584.47,587.16 3 0
qmanager/internal/api/handlers/cellular_apn.go:587.16,589.3 1 0
qmanager/internal/api/handlers/cellular_apn.go:590.2,590.47 1 0
qmanager/internal/api/handlers/cellular_fplmn.go:27.77,29.2 1 1
qmanager/internal/api/handlers/cellular_fplmn.go:32.81,35.56 2 1
qmanager/internal/api/handlers/cellular_fplmn.go:35.56,38.3 2 0
qmanager/internal/api/handlers/cellular_fplmn.go:40.2,41.17 2 1
qmanager/internal/api/handlers/cellular_fplmn.go:41.17,43.3 1 0
qmanager/internal/api/handlers/cellular_fplmn.go:46.2,48.56 3 1
qmanager/internal/api/handlers/cellular_fplmn.go:48.56,51.3 2 0
qmanager/internal/api/handlers/cellular_fplmn.go:53.2,61.4 3 1
qmanager/internal/api/handlers/cellular_fplmn.go:65.83,69.55 3 1
qmanager/internal/api/handlers/cellular_fplmn.go:69.55,71.14 2 1
qmanager/internal/api/handlers/cellular_fplmn.go:71.14,73.4 1 1
qmanager/internal/api/handlers/cellular_fplmn.go:77.2,82.56 4 1
qmanager/internal/api/handlers/cellular_fplmn.go:82.56,85.3 2 0
qmanager/internal/api/handlers/cellular_fplmn.go:88.2,89.30 2 1
qmanager/internal/api/handlers/cellular_fplmn.go:89.30,92.3 2 0
qmanager/internal/api/handlers/cellular_fplmn.go:94.2,97.4 1 1
qmanager/internal/api/handlers/cellular_fplmn.go:105.45,110.38 4 1
qmanager/internal/api/handlers/cellular_fplmn.go:110.38,112.24 2 1
qmanager/internal/api/handlers/cellular_fplmn.go:112.24,113.12 1 1
qmanager/internal/api/handlers/cellular_fplmn.go:116.3,134.18 12 1
qmanager/internal/api/handlers/cellular_fplmn.go:134.18,136.4 1 0
qmanager/internal/api/handlers/cellular_fplmn.go:138.3,145.8 3 1
qmanager/internal/api/handlers/cellular_fplmn.go:148.2,148.16 1 1
[...]
qmanager/internal/api/handlers/tower_schedule.go:412.81,415.4 2 1
qmanager/internal/api/handlers/tower_schedule.go:416.3,416.34 1 1
qmanager/internal/api/handlers/tower_schedule.go:416.34,419.4 2 1
qmanager/internal/api/handlers/tower_schedule.go:422.2,422.42 1 1
qmanager/internal/api/handlers/tower_schedule.go:422.42,425.3 2 0
qmanager/internal/api/handlers/tower_schedule.go:428.2,428.26 1 1
qmanager/internal/api/handlers/tower_schedule.go:428.26,430.3 1 1
qmanager/internal/api/handlers/tower_schedule.go:430.8,432.3 1 1
qmanager/internal/api/handlers/tower_schedule.go:434.2,438.4 1 1
qmanager/internal/api/handlers/tower_schedule.go:441.33,443.21 2 1
qmanager/internal/api/handlers/tower_schedule.go:443.21,445.3 1 1
qmanager/internal/api/handlers/tower_schedule.go:446.2,448.32 3 1
qmanager/internal/api/handlers/tower_schedule.go:448.32,450.3 1 0
qmanager/internal/api/handlers/tower_schedule.go:451.2,451.47 1 1
qmanager/internal/api/handlers/traffic_engine.go:33.46,35.2 1 1
qmanager/internal/api/handlers/traffic_engine.go:38.78,43.69 3 1
qmanager/internal/api/handlers/traffic_engine.go:43.69,44.53 1 0
qmanager/internal/api/handlers/traffic_engine.go:44.53,46.4 1 0
qmanager/internal/api/handlers/traffic_engine.go:49.2,57.4 1 1
qmanager/internal/api/handlers/traffic_engine.go:69.79,71.65 2 1
qmanager/internal/api/handlers/traffic_engine.go:71.65,74.3 2 1
qmanager/internal/api/handlers/traffic_engine.go:76.2,76.31 1 1
qmanager/internal/api/handlers/traffic_engine.go:76.31,86.3 5 1
qmanager/internal/api/handlers/traffic_engine.go:88.2,89.28 2 1
qmanager/internal/api/handlers/traffic_engine.go:89.28,91.3 1 1
qmanager/internal/api/handlers/traffic_engine.go:93.2,94.34 2 1
qmanager/internal/api/handlers/traffic_engine.go:94.34,96.3 1 0
qmanager/internal/api/handlers/traffic_engine.go:98.2,99.13 2 1
qmanager/internal/api/handlers/traffic_engine.go:99.13,100.32 1 1
qmanager/internal/api/handlers/traffic_engine.go:100.32,103.4 2 1
qmanager/internal/api/handlers/traffic_engine.go:104.3,104.43 1 1
qmanager/internal/api/handlers/traffic_engine.go:104.43,107.4 2 1
qmanager/internal/api/handlers/traffic_engine.go:109.3,109.37 1 1
qmanager/internal/api/handlers/traffic_engine.go:109.37,111.15 2 1
qmanager/internal/api/handlers/traffic_engine.go:111.15,112.13 1 0
qmanager/internal/api/handlers/traffic_engine.go:114.4,115.17 2 1
qmanager/internal/api/handlers/traffic_engine.go:115.17,118.5 2 1
qmanager/internal/api/handlers/traffic_engine.go:119.4,119.42 1 1
qmanager/internal/api/handlers/traffic_engine.go:123.2,129.50 2 1
qmanager/internal/api/handlers/traffic_engine.go:129.50,132.3 2 0
qmanager/internal/api/handlers/traffic_engine.go:134.2,134.47 1 1
qmanager/internal/api/handlers/traffic_engine.go:134.47,137.3 2 0
qmanager/internal/api/handlers/traffic_engine.go:139.2,143.4 1 1
qmanager/internal/api/handlers/traffic_engine.go:146.51,151.88 3 1
qmanager/internal/api/handlers/traffic_engine.go:151.88,155.3 3 1
qmanager/internal/api/handlers/traffic_engine.go:157.2,157.41 1 1
qmanager/internal/api/handlers/traffic_engine.go:157.41,160.24 3 1
qmanager/internal/api/handlers/traffic_engine.go:160.24,162.4 1 0
qmanager/internal/api/handlers/traffic_engine.go:163.3,163.33 1 1
qmanager/internal/api/handlers/traffic_engine.go:163.33,165.4 1 1
qmanager/internal/api/handlers/traffic_engine.go:166.3,167.28 2 1
qmanager/internal/api/handlers/traffic_engine.go:170.2,172.16 3 1
qmanager/internal/api/handlers/traffic_engine.go:172.16,174.3 1 0
qmanager/internal/api/handlers/traffic_engine.go:177.2,178.12 2 1
qmanager/internal/api/handlers/traffic_engine.go:181.44,183.16 2 1
qmanager/internal/api/handlers/traffic_engine.go:183.16,189.3 1 0
qmanager/internal/api/handlers/traffic_engine.go:190.2,192.10 3 1
qmanager/internal/api/handlers/traffic_engine.go:195.52,198.16 3 1
qmanager/internal/api/handlers/traffic_engine.go:198.16,200.3 1 0
qmanager/internal/api/handlers/traffic_engine.go:201.2,201.50 1 1
qmanager/internal/api/handlers/update.go:98.62,100.16 2 1
qmanager/internal/api/handlers/update.go:100.16,102.3 1 1
qmanager/internal/api/handlers/update.go:103.2,104.15 2 1
qmanager/internal/api/handlers/update.go:104.15,106.3 1 1
qmanager/internal/api/handlers/update.go:108.2,116.3 1 1
qmanager/internal/api/handlers/update.go:120.52,122.15 2 1
qmanager/internal/api/handlers/update.go:122.15,124.3 1 1
qmanager/internal/api/handlers/update.go:125.2,125.31 1 1
qmanager/internal/api/handlers/update.go:129.77,131.55 2 1
qmanager/internal/api/handlers/update.go:131.55,144.3 6 1
qmanager/internal/api/handlers/update.go:146.2,146.33 1 1
qmanager/internal/api/handlers/update.go:146.33,150.3 3 0
qmanager/internal/api/handlers/update.go:152.2,164.35 6 1
qmanager/internal/api/handlers/update.go:164.35,166.3 1 0
qmanager/internal/api/handlers/update.go:168.2,176.21 3 1
qmanager/internal/api/handlers/update.go:176.21,179.49 3 0
qmanager/internal/api/handlers/update.go:179.49,187.4 2 0
qmanager/internal/api/handlers/update.go:188.8,190.37 2 1
qmanager/internal/api/handlers/update.go:190.37,193.4 2 1
qmanager/internal/api/handlers/update.go:194.3,194.24 1 1
qmanager/internal/api/handlers/update.go:197.2,197.30 1 1
qmanager/internal/api/handlers/update.go:197.30,201.3 3 1
qmanager/internal/api/handlers/update.go:203.2,210.46 6 0
qmanager/internal/api/handlers/update.go:210.46,212.3 1 0
qmanager/internal/api/handlers/update.go:215.2,215.35 1 0
qmanager/internal/api/handlers/update.go:215.35,216.132 1 0
qmanager/internal/api/handlers/update.go:216.132,221.9 5 0
qmanager/internal/api/handlers/update.go:225.2,226.37 2 0
qmanager/internal/api/handlers/update.go:230.84,240.65 2 1
qmanager/internal/api/handlers/update.go:240.65,243.3 2 0
qmanager/internal/api/handlers/update.go:245.2,245.24 1 1
qmanager/internal/api/handlers/update.go:246.31,247.104 1 1
qmanager/internal/api/handlers/update.go:248.18,249.52 1 1
qmanager/internal/api/handlers/update.go:250.26,251.49 1 1
qmanager/internal/api/handlers/update.go:252.25,254.87 2 1
qmanager/internal/api/handlers/update.go:255.20,256.88 1 1
qmanager/internal/api/handlers/update.go:257.10,258.85 1 0
qmanager/internal/api/handlers/update.go:262.140,263.48 1 1
qmanager/internal/api/handlers/update.go:263.48,264.31 1 1
qmanager/internal/api/handlers/update.go:264.31,265.26 1 1
qmanager/internal/api/handlers/update.go:265.26,267.5 1 1
qmanager/internal/api/handlers/update.go:267.10,269.5 1 0
qmanager/internal/api/handlers/update.go:271.3,271.27 1 1
qmanager/internal/api/handlers/update.go:271.27,273.4 1 1
qmanager/internal/api/handlers/update.go:274.3,274.31 1 1
qmanager/internal/api/handlers/update.go:274.31,275.26 1 1
qmanager/internal/api/handlers/update.go:275.26,277.5 1 1
qmanager/internal/api/handlers/update.go:277.10,279.5 1 1
qmanager/internal/api/handlers/update.go:282.2,282.16 1 1
qmanager/internal/api/handlers/update.go:282.16,285.3 2 0
qmanager/internal/api/handlers/update.go:288.2,289.39 2 1
qmanager/internal/api/handlers/update.go:289.39,291.3 1 1
qmanager/internal/api/handlers/update.go:291.8,293.3 1 0
qmanager/internal/api/handlers/update.go:295.2,302.4 1 1
qmanager/internal/api/handlers/update.go:305.92,307.43 2 1
qmanager/internal/api/handlers/update.go:307.43,316.3 4 0
qmanager/internal/api/handlers/update.go:318.2,334.4 6 1
qmanager/internal/api/handlers/update.go:337.89,338.23 1 1
qmanager/internal/api/handlers/update.go:338.23,341.31 2 0
qmanager/internal/api/handlers/update.go:341.31,342.33 1 0
qmanager/internal/api/handlers/update.go:342.33,343.85 1 0
qmanager/internal/api/handlers/update.go:343.85,345.11 2 0
qmanager/internal/api/handlers/update.go:351.2,351.23 1 1
qmanager/internal/api/handlers/update.go:351.23,360.3 4 0
qmanager/internal/api/handlers/update.go:362.2,366.16 4 1
qmanager/internal/api/handlers/update.go:366.16,369.3 2 0
qmanager/internal/api/handlers/update.go:370.2,373.16 3 1
qmanager/internal/api/handlers/update.go:373.16,376.3 2 1
qmanager/internal/api/handlers/update.go:377.2,379.38 2 1
qmanager/internal/api/handlers/update.go:379.38,382.3 2 0
qmanager/internal/api/handlers/update.go:384.2,385.16 2 1
qmanager/internal/api/handlers/update.go:385.16,388.3 2 0
qmanager/internal/api/handlers/update.go:389.2,398.6 7 1
qmanager/internal/api/handlers/update.go:398.6,399.10 1 1
qmanager/internal/api/handlers/update.go:400.21,406.10 6 0
qmanager/internal/api/handlers/update.go:407.11,407.11 0 1
qmanager/internal/api/handlers/update.go:410.3,411.12 2 1
qmanager/internal/api/handlers/update.go:411.12,414.17 3 1
qmanager/internal/api/handlers/update.go:414.17,419.5 4 1
qmanager/internal/api/handlers/update.go:421.3,421.20 1 1
qmanager/internal/api/handlers/update.go:421.20,422.9 1 1
qmanager/internal/api/handlers/update.go:424.3,424.17 1 0
qmanager/internal/api/handlers/update.go:424.17,427.4 2 0
qmanager/internal/api/handlers/update.go:430.2,444.23 7 1
qmanager/internal/api/handlers/update.go:447.63,455.2 3 1
qmanager/internal/api/handlers/update.go:457.48,460.27 3 1
qmanager/internal/api/handlers/update.go:460.27,463.3 2 0
qmanager/internal/api/handlers/update.go:464.2,464.48 1 1
qmanager/internal/api/handlers/update.go:467.89,469.41 2 1
qmanager/internal/api/handlers/update.go:469.41,472.3 2 1
qmanager/internal/api/handlers/update.go:474.2,484.16 5 1
qmanager/internal/api/handlers/update.go:484.16,488.3 3 0
qmanager/internal/api/handlers/update.go:491.2,496.61 4 1
qmanager/internal/api/handlers/update.go:496.61,501.3 4 0
qmanager/internal/api/handlers/update.go:502.2,512.12 4 1
qmanager/internal/api/handlers/update.go:512.12,515.3 2 1
qmanager/internal/api/handlers/update.go:518.64,520.16 2 1
qmanager/internal/api/handlers/update.go:520.16,522.3 1 1
qmanager/internal/api/handlers/update.go:523.2,524.15 2 1
qmanager/internal/api/handlers/update.go:524.15,526.3 1 0
qmanager/internal/api/handlers/update.go:527.2,528.44 2 1
qmanager/internal/api/handlers/update.go:528.44,530.3 1 1
qmanager/internal/api/handlers/update.go:531.2,531.15 1 0
qmanager/internal/api/handlers/update.go:534.113,536.24 2 1
qmanager/internal/api/handlers/update.go:536.24,538.3 1 0
qmanager/internal/api/handlers/update.go:540.2,541.16 2 1
qmanager/internal/api/handlers/update.go:541.16,543.3 1 0
qmanager/internal/api/handlers/update.go:544.2,548.16 4 1
qmanager/internal/api/handlers/update.go:548.16,550.3 1 0
qmanager/internal/api/handlers/update.go:551.2,553.38 2 1
qmanager/internal/api/handlers/update.go:553.38,555.3 1 1
qmanager/internal/api/handlers/update.go:557.2,557.24 1 0
qmanager/internal/api/handlers/update.go:557.24,559.68 2 0
qmanager/internal/api/handlers/update.go:559.68,561.4 1 0
qmanager/internal/api/handlers/update.go:562.3,562.22 1 0
qmanager/internal/api/handlers/update.go:565.2,566.65 2 0
qmanager/internal/api/handlers/update.go:566.65,568.3 1 0
qmanager/internal/api/handlers/update.go:569.2,569.20 1 0
qmanager/internal/api/handlers/update.go:569.20,571.3 1 0
qmanager/internal/api/handlers/update.go:573.2,573.22 1 0
qmanager/internal/api/handlers/update.go:578.39,589.25 8 1
qmanager/internal/api/handlers/update.go:589.25,591.3 1 0
qmanager/internal/api/handlers/update.go:593.2,593.30 1 1
qmanager/internal/api/handlers/update.go:593.30,595.21 2 1
qmanager/internal/api/handlers/update.go:595.21,597.4 1 1
qmanager/internal/api/handlers/update.go:598.3,598.21 1 1
qmanager/internal/api/handlers/update.go:598.21,600.4 1 1
qmanager/internal/api/handlers/update.go:601.3,601.14 1 1
qmanager/internal/api/handlers/update.go:601.14,603.4 1 1
qmanager/internal/api/handlers/update.go:604.3,604.14 1 1
qmanager/internal/api/handlers/update.go:604.14,606.4 1 1
qmanager/internal/api/handlers/update.go:610.2,610.41 1 1
qmanager/internal/api/handlers/update.go:610.41,612.3 1 1
qmanager/internal/api/handlers/update.go:613.2,613.41 1 1
qmanager/internal/api/handlers/update.go:613.41,615.3 1 1
qmanager/internal/api/handlers/update.go:616.2,616.40 1 1
qmanager/internal/api/handlers/update.go:616.40,617.28 1 1
qmanager/internal/api/handlers/update.go:617.28,619.4 1 1
qmanager/internal/api/handlers/update.go:619.9,619.35 1 0
qmanager/internal/api/handlers/update.go:619.35,621.4 1 0
qmanager/internal/api/handlers/update.go:624.2,624.10 1 1
qmanager/internal/api/handlers/update.go:627.68,628.51 1 1
qmanager/internal/api/handlers/update.go:628.51,630.3 1 0
qmanager/internal/api/handlers/update.go:631.2,632.16 2 1
qmanager/internal/api/handlers/update.go:632.16,634.3 1 0
qmanager/internal/api/handlers/update.go:635.2,638.16 3 1
qmanager/internal/api/handlers/update.go:638.16,640.3 1 1
qmanager/internal/api/handlers/update.go:641.2,646.6 4 1
qmanager/internal/api/handlers/update.go:646.6,648.20 2 1
qmanager/internal/api/handlers/update.go:648.20,649.9 1 0
qmanager/internal/api/handlers/update.go:651.3,651.17 1 1
qmanager/internal/api/handlers/update.go:651.17,653.4 1 0
qmanager/internal/api/handlers/update.go:655.3,656.111 2 1
qmanager/internal/api/handlers/update.go:656.111,659.18 3 1
qmanager/internal/api/handlers/update.go:659.18,661.5 1 0
qmanager/internal/api/handlers/update.go:662.4,662.50 1 1
qmanager/internal/api/handlers/update.go:662.50,665.5 2 0
qmanager/internal/api/handlers/update.go:666.4,668.9 3 1
qmanager/internal/api/handlers/update.go:672.2,672.21 1 1
qmanager/internal/api/handlers/update.go:672.21,674.3 1 0
qmanager/internal/api/handlers/update.go:675.2,675.23 1 1
qmanager/internal/api/handlers/update.go:678.38,680.16 2 1
qmanager/internal/api/handlers/update.go:680.16,682.3 1 0
qmanager/internal/api/handlers/update.go:683.2,686.16 3 1
qmanager/internal/api/handlers/update.go:686.16,688.3 1 0
qmanager/internal/api/handlers/update.go:689.2,692.12 3 1
qmanager/internal/api/handlers/video_optimizer.go:29.56,31.2 1 1
qmanager/internal/api/handlers/video_optimizer.go:41.83,45.16 3 1
qmanager/internal/api/handlers/video_optimizer.go:46.23,48.9 2 1
qmanager/internal/api/handlers/video_optimizer.go:49.24,51.9 2 1
qmanager/internal/api/handlers/video_optimizer.go:52.18,54.9 2 0
qmanager/internal/api/handlers/video_optimizer.go:57.2,57.27 1 1
qmanager/internal/api/handlers/video_optimizer.go:57.27,60.3 2 1
qmanager/internal/api/handlers/video_optimizer.go:63.2,67.18 4 1
qmanager/internal/api/handlers/video_optimizer.go:67.18,69.3 1 0
qmanager/internal/api/handlers/video_optimizer.go:71.2,73.13 3 1
qmanager/internal/api/handlers/video_optimizer.go:73.13,74.31 1 0
qmanager/internal/api/handlers/video_optimizer.go:74.31,76.4 1 0
qmanager/internal/api/handlers/video_optimizer.go:76.9,78.4 1 0
qmanager/internal/api/handlers/video_optimizer.go:81.2,82.25 2 1
qmanager/internal/api/handlers/video_optimizer.go:82.25,84.3 1 0
qmanager/internal/api/handlers/video_optimizer.go:86.2,99.18 3 1
qmanager/internal/api/handlers/video_optimizer.go:99.18,101.16 2 0
qmanager/internal/api/handlers/video_optimizer.go:101.16,103.4 1 0
qmanager/internal/api/handlers/video_optimizer.go:104.3,104.27 1 0
qmanager/internal/api/handlers/video_optimizer.go:107.2,107.30 1 1
qmanager/internal/api/handlers/video_optimizer.go:119.84,121.65 2 1
qmanager/internal/api/handlers/video_optimizer.go:121.65,124.3 2 0
qmanager/internal/api/handlers/video_optimizer.go:126.2,126.24 1 1
qmanager/internal/api/handlers/video_optimizer.go:127.14,128.41 1 1
qmanager/internal/api/handlers/video_optimizer.go:129.25,130.37 1 1
qmanager/internal/api/handlers/video_optimizer.go:131.23,132.35 1 1
qmanager/internal/api/handlers/video_optimizer.go:133.17,134.21 1 1
qmanager/internal/api/handlers/video_optimizer.go:135.19,136.23 1 1
qmanager/internal/api/handlers/video_optimizer.go:137.16,138.20 1 1
qmanager/internal/api/handlers/video_optimizer.go:139.10,140.85 1 1
qmanager/internal/api/handlers/video_optimizer.go:144.110,146.22 2 1
qmanager/internal/api/handlers/video_optimizer.go:146.22,148.3 1 1
qmanager/internal/api/handlers/video_optimizer.go:150.2,152.13 3 1
qmanager/internal/api/handlers/video_optimizer.go:152.13,154.3 1 1
qmanager/internal/api/handlers/video_optimizer.go:155.2,158.13 2 1
qmanager/internal/api/handlers/video_optimizer.go:158.13,160.3 1 1
qmanager/internal/api/handlers/video_optimizer.go:160.8,162.3 1 0
qmanager/internal/api/handlers/video_optimizer.go:164.2,168.4 1 1
qmanager/internal/api/handlers/video_optimizer.go:171.106,173.22 2 1
qmanager/internal/api/handlers/video_optimizer.go:173.22,175.3 1 1
qmanager/internal/api/handlers/video_optimizer.go:176.2,177.15 2 1
qmanager/internal/api/handlers/video_optimizer.go:177.15,179.3 1 0
qmanager/internal/api/handlers/video_optimizer.go:181.2,184.13 4 1
qmanager/internal/api/handlers/video_optimizer.go:184.13,186.3 1 1
qmanager/internal/api/handlers/video_optimizer.go:187.2,189.13 2 1
qmanager/internal/api/handlers/video_optimizer.go:189.13,191.3 1 1
qmanager/internal/api/handlers/video_optimizer.go:191.8,193.3 1 0
qmanager/internal/api/handlers/video_optimizer.go:195.2,200.4 1 1
qmanager/internal/api/handlers/video_optimizer.go:203.104,215.2 5 1
qmanager/internal/api/handlers/video_optimizer.go:217.70,220.12 2 1
qmanager/internal/api/handlers/video_optimizer.go:220.12,223.3 2 1
qmanager/internal/api/handlers/video_optimizer.go:225.2,228.4 1 1
qmanager/internal/api/handlers/video_optimizer.go:231.72,239.2 3 1
qmanager/internal/api/handlers/video_optimizer.go:241.69,244.12 2 1
qmanager/internal/api/handlers/video_optimizer.go:244.12,261.3 4 1
qmanager/internal/api/handlers/video_optimizer.go:263.2,266.4 1 1
qmanager/internal/api/handlers/video_optimizer.go:269.72,270.74 1 1
qmanager/internal/api/handlers/video_optimizer.go:270.74,272.52 2 1
qmanager/internal/api/handlers/video_optimizer.go:272.52,276.4 3 1
qmanager/internal/api/handlers/video_optimizer.go:278.2,281.4 1 0
qmanager/internal/api/handlers/video_optimizer.go:284.73,285.75 1 1
qmanager/internal/api/handlers/video_optimizer.go:285.75,287.52 2 1
qmanager/internal/api/handlers/video_optimizer.go:287.52,291.4 3 1
qmanager/internal/api/handlers/video_optimizer.go:293.2,296.4 1 0
qmanager/internal/api/handlers/video_optimizer.go:299.68,305.2 2 0
qmanager/internal/api/handlers/video_optimizer.go:307.75,323.2 3 1
qmanager/internal/api/handlers/video_optimizer.go:325.37,327.16 2 1
qmanager/internal/api/handlers/video_optimizer.go:327.16,329.3 1 0
qmanager/internal/api/handlers/video_optimizer.go:330.2,332.26 3 1
qmanager/internal/api/handlers/video_optimizer.go:332.26,334.44 2 1
qmanager/internal/api/handlers/video_optimizer.go:334.44,336.4 1 1
qmanager/internal/api/handlers/video_optimizer.go:338.2,338.16 1 1
qmanager/internal/api/handlers/video_optimizer.go:341.33,343.2 1 1
qmanager/internal/api/handlers/video_optimizer.go:345.44,348.2 2 1
qmanager/internal/api/handlers/video_optimizer.go:350.41,354.2 3 0
qmanager/internal/api/handlers/video_optimizer.go:356.42,358.16 2 1
qmanager/internal/api/handlers/video_optimizer.go:358.16,364.3 1 1
qmanager/internal/api/handlers/video_optimizer.go:365.2,367.10 3 1
qmanager/internal/api/handlers/video_optimizer.go:370.50,373.16 3 1
qmanager/internal/api/handlers/video_optimizer.go:373.16,375.3 1 0
qmanager/internal/api/handlers/video_optimizer.go:376.2,376.48 1 1
qmanager/internal/api/handlers/watchdog.go:18.90,23.2 1 1
qmanager/internal/api/handlers/watchdog.go:26.82,27.32 1 1
qmanager/internal/api/handlers/watchdog.go:27.32,30.24 3 1
qmanager/internal/api/handlers/watchdog.go:30.24,32.4 1 1
qmanager/internal/api/handlers/watchdog.go:32.9,44.4 1 0
qmanager/internal/api/handlers/watchdog.go:45.3,50.9 2 1
qmanager/internal/api/handlers/watchdog.go:53.2,53.33 1 1
qmanager/internal/api/handlers/watchdog.go:53.33,59.66 2 1
qmanager/internal/api/handlers/watchdog.go:59.66,62.4 2 0
qmanager/internal/api/handlers/watchdog.go:64.3,64.64 1 1
qmanager/internal/api/handlers/watchdog.go:64.64,65.50 1 1
qmanager/internal/api/handlers/watchdog.go:65.50,67.5 1 1
qmanager/internal/api/handlers/watchdog.go:68.4,68.18 1 1
qmanager/internal/api/handlers/watchdog.go:68.18,71.5 2 0
qmanager/internal/api/handlers/watchdog.go:72.4,73.10 2 1
qmanager/internal/api/handlers/watchdog.go:76.3,76.54 1 0
